<?xml version="1.0" encoding="UTF-8"?>
<alr:test-suite xmlns:alr="urn:model.allure.qatools.yandex.ru" start="1729890349413" stop="1729890349453" version="1.4.0">
  <name>Magento\Integration\Test\Unit\Model\Config\Integration\XsdTest</name>
  <test-cases>
    <test-case start="1729890349414" stop="1729890349416" status="passed">
      <name>testExemplarXml with data set "valid"</name>
    </test-case>
    <test-case start="1729890349416" stop="1729890349417" status="passed">
      <name>testExemplarXml with data set "valid with several entities"</name>
    </test-case>
    <test-case start="1729890349418" stop="1729890349419" status="passed">
      <name>testExemplarXml with data set "empty root node"</name>
    </test-case>
    <test-case start="1729890349420" stop="1729890349421" status="passed">
      <name>testExemplarXml with data set "empty integration"</name>
    </test-case>
    <test-case start="1729890349422" stop="1729890349423" status="passed">
      <name>testExemplarXml with data set "empty resources"</name>
    </test-case>
    <test-case start="1729890349424" stop="1729890349425" status="passed">
      <name>testExemplarXml with data set "irrelevant root node"</name>
    </test-case>
    <test-case start="1729890349426" stop="1729890349427" status="passed">
      <name>testExemplarXml with data set "irrelevant node in root"</name>
    </test-case>
    <test-case start="1729890349427" stop="1729890349429" status="passed">
      <name>testExemplarXml with data set "irrelevant node in integration"</name>
    </test-case>
    <test-case start="1729890349429" stop="1729890349431" status="passed">
      <name>testExemplarXml with data set "irrelevant node in resources"</name>
    </test-case>
    <test-case start="1729890349432" stop="1729890349433" status="passed">
      <name>testExemplarXml with data set "irrelevant node in resource"</name>
    </test-case>
    <test-case start="1729890349434" stop="1729890349435" status="passed">
      <name>testExemplarXml with data set "invalid attribute in root"</name>
    </test-case>
    <test-case start="1729890349436" stop="1729890349437" status="passed">
      <name>testExemplarXml with data set "invalid attribute in integration"</name>
    </test-case>
    <test-case start="1729890349438" stop="1729890349439" status="passed">
      <name>testExemplarXml with data set "invalid attribute in resources"</name>
    </test-case>
    <test-case start="1729890349439" stop="1729890349440" status="passed">
      <name>testExemplarXml with data set "invalid attribute in resource"</name>
    </test-case>
    <test-case start="1729890349442" stop="1729890349444" status="passed">
      <name>testExemplarXml with data set "integration without name"</name>
    </test-case>
    <test-case start="1729890349445" stop="1729890349447" status="failed">
      <name>testExemplarXml with data set "integration with empty name"</name>
      <failure>
        <message>Validation errors does not match.
Failed asserting that two arrays are equal.
--- Expected
+++ Actual
@@ @@
 Array (
     0 =&gt; 'Element 'integration', attrib...f '2'.'
-    1 =&gt; 'Element 'integration', attrib...Type'.'
 )
</message>
        <stack-trace>#0 /home/adrian-skowronski/www/mint/vendor/phpunit/phpunit/src/Framework/Assert.php(2350): PHPUnit\Framework\Constraint\IsEqual-&gt;evaluate()
#1 /home/adrian-skowronski/www/mint/vendor/phpunit/phpunit/src/Framework/Assert.php(324): PHPUnit\Framework\Assert::assertThat()
#2 /home/adrian-skowronski/www/mint/vendor/magento/module-integration/Test/Unit/Model/Config/Integration/XsdTest.php(50): PHPUnit\Framework\Assert::assertEquals()
#3 /home/adrian-skowronski/www/mint/vendor/phpunit/phpunit/src/Framework/TestCase.php(1548): Magento\Integration\Test\Unit\Model\Config\Integration\XsdTest-&gt;testExemplarXml()
#4 /home/adrian-skowronski/www/mint/vendor/phpunit/phpunit/src/Framework/TestCase.php(1154): PHPUnit\Framework\TestCase-&gt;runTest()
#5 /home/adrian-skowronski/www/mint/vendor/phpunit/phpunit/src/Framework/TestResult.php(728): PHPUnit\Framework\TestCase-&gt;runBare()
#6 /home/adrian-skowronski/www/mint/vendor/phpunit/phpunit/src/Framework/TestCase.php(904): PHPUnit\Framework\TestResult-&gt;run()
#7 /home/adrian-skowronski/www/mint/vendor/phpunit/phpunit/src/Framework/TestSuite.php(675): PHPUnit\Framework\TestCase-&gt;run()
#8 /home/adrian-skowronski/www/mint/vendor/phpunit/phpunit/src/Framework/TestSuite.php(675): PHPUnit\Framework\TestSuite-&gt;run()
#9 /home/adrian-skowronski/www/mint/vendor/phpunit/phpunit/src/Framework/TestSuite.php(675): PHPUnit\Framework\TestSuite-&gt;run()
#10 /home/adrian-skowronski/www/mint/vendor/phpunit/phpunit/src/Framework/TestSuite.php(675): PHPUnit\Framework\TestSuite-&gt;run()
#11 /home/adrian-skowronski/www/mint/vendor/phpunit/phpunit/src/TextUI/TestRunner.php(653): PHPUnit\Framework\TestSuite-&gt;run()
#12 /home/adrian-skowronski/www/mint/vendor/phpunit/phpunit/src/TextUI/Command.php(144): PHPUnit\TextUI\TestRunner-&gt;run()
#13 /home/adrian-skowronski/www/mint/vendor/phpunit/phpunit/src/TextUI/Command.php(97): PHPUnit\TextUI\Command-&gt;run()
#14 /home/adrian-skowronski/www/mint/vendor/phpunit/phpunit/phpunit(98): PHPUnit\TextUI\Command::main()
#15 {main}</stack-trace>
      </failure>
    </test-case>
    <test-case start="1729890349447" stop="1729890349448" status="passed">
      <name>testExemplarXml with data set "resource without name"</name>
    </test-case>
    <test-case start="1729890349449" stop="1729890349450" status="failed">
      <name>testExemplarXml with data set "resource with empty name"</name>
      <failure>
        <message>Validation errors does not match.
Failed asserting that two arrays are equal.
--- Expected
+++ Actual
@@ @@
 Array (
     0 =&gt; 'Element 'resource', attribute...::.+'.'
-    1 =&gt; 'Element 'resource', attribute...Type'.'
 )
</message>
        <stack-trace>#0 /home/adrian-skowronski/www/mint/vendor/phpunit/phpunit/src/Framework/Assert.php(2350): PHPUnit\Framework\Constraint\IsEqual-&gt;evaluate()
#1 /home/adrian-skowronski/www/mint/vendor/phpunit/phpunit/src/Framework/Assert.php(324): PHPUnit\Framework\Assert::assertThat()
#2 /home/adrian-skowronski/www/mint/vendor/magento/module-integration/Test/Unit/Model/Config/Integration/XsdTest.php(50): PHPUnit\Framework\Assert::assertEquals()
#3 /home/adrian-skowronski/www/mint/vendor/phpunit/phpunit/src/Framework/TestCase.php(1548): Magento\Integration\Test\Unit\Model\Config\Integration\XsdTest-&gt;testExemplarXml()
#4 /home/adrian-skowronski/www/mint/vendor/phpunit/phpunit/src/Framework/TestCase.php(1154): PHPUnit\Framework\TestCase-&gt;runTest()
#5 /home/adrian-skowronski/www/mint/vendor/phpunit/phpunit/src/Framework/TestResult.php(728): PHPUnit\Framework\TestCase-&gt;runBare()
#6 /home/adrian-skowronski/www/mint/vendor/phpunit/phpunit/src/Framework/TestCase.php(904): PHPUnit\Framework\TestResult-&gt;run()
#7 /home/adrian-skowronski/www/mint/vendor/phpunit/phpunit/src/Framework/TestSuite.php(675): PHPUnit\Framework\TestCase-&gt;run()
#8 /home/adrian-skowronski/www/mint/vendor/phpunit/phpunit/src/Framework/TestSuite.php(675): PHPUnit\Framework\TestSuite-&gt;run()
#9 /home/adrian-skowronski/www/mint/vendor/phpunit/phpunit/src/Framework/TestSuite.php(675): PHPUnit\Framework\TestSuite-&gt;run()
#10 /home/adrian-skowronski/www/mint/vendor/phpunit/phpunit/src/Framework/TestSuite.php(675): PHPUnit\Framework\TestSuite-&gt;run()
#11 /home/adrian-skowronski/www/mint/vendor/phpunit/phpunit/src/TextUI/TestRunner.php(653): PHPUnit\Framework\TestSuite-&gt;run()
#12 /home/adrian-skowronski/www/mint/vendor/phpunit/phpunit/src/TextUI/Command.php(144): PHPUnit\TextUI\TestRunner-&gt;run()
#13 /home/adrian-skowronski/www/mint/vendor/phpunit/phpunit/src/TextUI/Command.php(97): PHPUnit\TextUI\Command-&gt;run()
#14 /home/adrian-skowronski/www/mint/vendor/phpunit/phpunit/phpunit(98): PHPUnit\TextUI\Command::main()
#15 {main}</stack-trace>
      </failure>
    </test-case>
    <test-case start="1729890349451" stop="1729890349453" status="failed">
      <name>testExemplarXml with data set "resource with invalid name"</name>
      <failure>
        <message>Validation errors does not match.
Failed asserting that two arrays are equal.
--- Expected
+++ Actual
@@ @@
 Array (
     0 =&gt; 'Element 'resource', attribute...::.+'.'
-    1 =&gt; 'Element 'resource', attribute...Type'.'
 )
</message>
        <stack-trace>#0 /home/adrian-skowronski/www/mint/vendor/phpunit/phpunit/src/Framework/Assert.php(2350): PHPUnit\Framework\Constraint\IsEqual-&gt;evaluate()
#1 /home/adrian-skowronski/www/mint/vendor/phpunit/phpunit/src/Framework/Assert.php(324): PHPUnit\Framework\Assert::assertThat()
#2 /home/adrian-skowronski/www/mint/vendor/magento/module-integration/Test/Unit/Model/Config/Integration/XsdTest.php(50): PHPUnit\Framework\Assert::assertEquals()
#3 /home/adrian-skowronski/www/mint/vendor/phpunit/phpunit/src/Framework/TestCase.php(1548): Magento\Integration\Test\Unit\Model\Config\Integration\XsdTest-&gt;testExemplarXml()
#4 /home/adrian-skowronski/www/mint/vendor/phpunit/phpunit/src/Framework/TestCase.php(1154): PHPUnit\Framework\TestCase-&gt;runTest()
#5 /home/adrian-skowronski/www/mint/vendor/phpunit/phpunit/src/Framework/TestResult.php(728): PHPUnit\Framework\TestCase-&gt;runBare()
#6 /home/adrian-skowronski/www/mint/vendor/phpunit/phpunit/src/Framework/TestCase.php(904): PHPUnit\Framework\TestResult-&gt;run()
#7 /home/adrian-skowronski/www/mint/vendor/phpunit/phpunit/src/Framework/TestSuite.php(675): PHPUnit\Framework\TestCase-&gt;run()
#8 /home/adrian-skowronski/www/mint/vendor/phpunit/phpunit/src/Framework/TestSuite.php(675): PHPUnit\Framework\TestSuite-&gt;run()
#9 /home/adrian-skowronski/www/mint/vendor/phpunit/phpunit/src/Framework/TestSuite.php(675): PHPUnit\Framework\TestSuite-&gt;run()
#10 /home/adrian-skowronski/www/mint/vendor/phpunit/phpunit/src/Framework/TestSuite.php(675): PHPUnit\Framework\TestSuite-&gt;run()
#11 /home/adrian-skowronski/www/mint/vendor/phpunit/phpunit/src/TextUI/TestRunner.php(653): PHPUnit\Framework\TestSuite-&gt;run()
#12 /home/adrian-skowronski/www/mint/vendor/phpunit/phpunit/src/TextUI/Command.php(144): PHPUnit\TextUI\TestRunner-&gt;run()
#13 /home/adrian-skowronski/www/mint/vendor/phpunit/phpunit/src/TextUI/Command.php(97): PHPUnit\TextUI\Command-&gt;run()
#14 /home/adrian-skowronski/www/mint/vendor/phpunit/phpunit/phpunit(98): PHPUnit\TextUI\Command::main()
#15 {main}</stack-trace>
      </failure>
    </test-case>
  </test-cases>
</alr:test-suite>
