<?xml version="1.0" encoding="UTF-8"?>
<alr:test-suite xmlns:alr="urn:model.allure.qatools.yandex.ru" start="1729890326269" stop="1729890326310" version="1.4.0">
  <name>Magento\Eav\Test\Unit\Model\Validator\Attribute\DataTest</name>
  <test-cases>
    <test-case start="1729890326269" stop="1729890326272" status="passed">
      <name>testIsValid with data set "is_valid"</name>
    </test-case>
    <test-case start="1729890326273" stop="1729890326275" status="passed">
      <name>testIsValid with data set "is_invalid"</name>
    </test-case>
    <test-case start="1729890326275" stop="1729890326277" status="passed">
      <name>testIsValid with data set "no_data_models"</name>
    </test-case>
    <test-case start="1729890326278" stop="1729890326280" status="passed">
      <name>testIsValid with data set "no_data_models_no_frontend_input"</name>
    </test-case>
    <test-case start="1729890326281" stop="1729890326282" status="passed">
      <name>testIsValid with data set "no_data_for attribute"</name>
    </test-case>
    <test-case start="1729890326283" stop="1729890326285" status="passed">
      <name>testIsValid with data set "is_valid_data_from_entity"</name>
    </test-case>
    <test-case start="1729890326286" stop="1729890326288" status="passed">
      <name>testIsValid with data set "is_invisible"</name>
    </test-case>
    <test-case start="1729890326288" stop="1729890326293" status="passed">
      <name>testIsValidAttributesFromCollection</name>
    </test-case>
    <test-case start="1729890326293" stop="1729890326297" status="passed">
      <name>testIsValidExclusionInclusionListChecks with data set "allowed"</name>
    </test-case>
    <test-case start="1729890326297" stop="1729890326301" status="passed">
      <name>testIsValidExclusionInclusionListChecks with data set "denied"</name>
    </test-case>
    <test-case start="1729890326301" stop="1729890326303" status="canceled">
      <name>testSetAttributesAllowedList</name>
      <failure>
        <message>Skipped in #27500 due to testing protected/private methods and properties</message>
        <stack-trace>#0 /home/adrian-skowronski/www/mint/vendor/magento/module-eav/Test/Unit/Model/Validator/Attribute/DataTest.php(326): PHPUnit\Framework\Assert::markTestSkipped()
#1 /home/adrian-skowronski/www/mint/vendor/phpunit/phpunit/src/Framework/TestCase.php(1548): Magento\Eav\Test\Unit\Model\Validator\Attribute\DataTest-&gt;testSetAttributesAllowedList()
#2 /home/adrian-skowronski/www/mint/vendor/phpunit/phpunit/src/Framework/TestCase.php(1154): PHPUnit\Framework\TestCase-&gt;runTest()
#3 /home/adrian-skowronski/www/mint/vendor/phpunit/phpunit/src/Framework/TestResult.php(728): PHPUnit\Framework\TestCase-&gt;runBare()
#4 /home/adrian-skowronski/www/mint/vendor/phpunit/phpunit/src/Framework/TestCase.php(904): PHPUnit\Framework\TestResult-&gt;run()
#5 /home/adrian-skowronski/www/mint/vendor/phpunit/phpunit/src/Framework/TestSuite.php(675): PHPUnit\Framework\TestCase-&gt;run()
#6 /home/adrian-skowronski/www/mint/vendor/phpunit/phpunit/src/Framework/TestSuite.php(675): PHPUnit\Framework\TestSuite-&gt;run()
#7 /home/adrian-skowronski/www/mint/vendor/phpunit/phpunit/src/Framework/TestSuite.php(675): PHPUnit\Framework\TestSuite-&gt;run()
#8 /home/adrian-skowronski/www/mint/vendor/phpunit/phpunit/src/TextUI/TestRunner.php(653): PHPUnit\Framework\TestSuite-&gt;run()
#9 /home/adrian-skowronski/www/mint/vendor/phpunit/phpunit/src/TextUI/Command.php(144): PHPUnit\TextUI\TestRunner-&gt;run()
#10 /home/adrian-skowronski/www/mint/vendor/phpunit/phpunit/src/TextUI/Command.php(97): PHPUnit\TextUI\Command-&gt;run()
#11 /home/adrian-skowronski/www/mint/vendor/phpunit/phpunit/phpunit(98): PHPUnit\TextUI\Command::main()
#12 {main}</stack-trace>
      </failure>
    </test-case>
    <test-case start="1729890326303" stop="1729890326304" status="canceled">
      <name>testSetAttributesDeniedList</name>
      <failure>
        <message>Skipped in #27500 due to testing protected/private methods and properties</message>
        <stack-trace>#0 /home/adrian-skowronski/www/mint/vendor/magento/module-eav/Test/Unit/Model/Validator/Attribute/DataTest.php(350): PHPUnit\Framework\Assert::markTestSkipped()
#1 /home/adrian-skowronski/www/mint/vendor/phpunit/phpunit/src/Framework/TestCase.php(1548): Magento\Eav\Test\Unit\Model\Validator\Attribute\DataTest-&gt;testSetAttributesDeniedList()
#2 /home/adrian-skowronski/www/mint/vendor/phpunit/phpunit/src/Framework/TestCase.php(1154): PHPUnit\Framework\TestCase-&gt;runTest()
#3 /home/adrian-skowronski/www/mint/vendor/phpunit/phpunit/src/Framework/TestResult.php(728): PHPUnit\Framework\TestCase-&gt;runBare()
#4 /home/adrian-skowronski/www/mint/vendor/phpunit/phpunit/src/Framework/TestCase.php(904): PHPUnit\Framework\TestResult-&gt;run()
#5 /home/adrian-skowronski/www/mint/vendor/phpunit/phpunit/src/Framework/TestSuite.php(675): PHPUnit\Framework\TestCase-&gt;run()
#6 /home/adrian-skowronski/www/mint/vendor/phpunit/phpunit/src/Framework/TestSuite.php(675): PHPUnit\Framework\TestSuite-&gt;run()
#7 /home/adrian-skowronski/www/mint/vendor/phpunit/phpunit/src/Framework/TestSuite.php(675): PHPUnit\Framework\TestSuite-&gt;run()
#8 /home/adrian-skowronski/www/mint/vendor/phpunit/phpunit/src/TextUI/TestRunner.php(653): PHPUnit\Framework\TestSuite-&gt;run()
#9 /home/adrian-skowronski/www/mint/vendor/phpunit/phpunit/src/TextUI/Command.php(144): PHPUnit\TextUI\TestRunner-&gt;run()
#10 /home/adrian-skowronski/www/mint/vendor/phpunit/phpunit/src/TextUI/Command.php(97): PHPUnit\TextUI\Command-&gt;run()
#11 /home/adrian-skowronski/www/mint/vendor/phpunit/phpunit/phpunit(98): PHPUnit\TextUI\Command::main()
#12 {main}</stack-trace>
      </failure>
    </test-case>
    <test-case start="1729890326304" stop="1729890326307" status="passed">
      <name>testAddErrorMessages</name>
    </test-case>
    <test-case start="1729890326308" stop="1729890326310" status="passed">
      <name>testIsValidWithoutData</name>
    </test-case>
  </test-cases>
</alr:test-suite>
