<?xml version="1.0" encoding="UTF-8"?>
<alr:test-suite xmlns:alr="urn:model.allure.qatools.yandex.ru" start="1729890455625" stop="1729890455635" version="1.4.0">
  <name>Magento\Framework\Profiler\Test\Unit\Driver\Standard\Output\FactoryTest</name>
  <test-cases>
    <test-case start="1729890455625" stop="1729890455628" status="canceled">
      <name>testConstructor</name>
      <failure>
        <message>Skipped in #27500 due to testing protected/private methods and properties</message>
        <stack-trace>#0 /home/adrian-skowronski/www/mint/vendor/magento/framework/Profiler/Test/Unit/Driver/Standard/Output/FactoryTest.php(41): PHPUnit\Framework\Assert::markTestSkipped()
#1 /home/adrian-skowronski/www/mint/vendor/phpunit/phpunit/src/Framework/TestCase.php(1548): Magento\Framework\Profiler\Test\Unit\Driver\Standard\Output\FactoryTest-&gt;testConstructor()
#2 /home/adrian-skowronski/www/mint/vendor/phpunit/phpunit/src/Framework/TestCase.php(1154): PHPUnit\Framework\TestCase-&gt;runTest()
#3 /home/adrian-skowronski/www/mint/vendor/phpunit/phpunit/src/Framework/TestResult.php(728): PHPUnit\Framework\TestCase-&gt;runBare()
#4 /home/adrian-skowronski/www/mint/vendor/phpunit/phpunit/src/Framework/TestCase.php(904): PHPUnit\Framework\TestResult-&gt;run()
#5 /home/adrian-skowronski/www/mint/vendor/phpunit/phpunit/src/Framework/TestSuite.php(675): PHPUnit\Framework\TestCase-&gt;run()
#6 /home/adrian-skowronski/www/mint/vendor/phpunit/phpunit/src/Framework/TestSuite.php(675): PHPUnit\Framework\TestSuite-&gt;run()
#7 /home/adrian-skowronski/www/mint/vendor/phpunit/phpunit/src/Framework/TestSuite.php(675): PHPUnit\Framework\TestSuite-&gt;run()
#8 /home/adrian-skowronski/www/mint/vendor/phpunit/phpunit/src/TextUI/TestRunner.php(653): PHPUnit\Framework\TestSuite-&gt;run()
#9 /home/adrian-skowronski/www/mint/vendor/phpunit/phpunit/src/TextUI/Command.php(144): PHPUnit\TextUI\TestRunner-&gt;run()
#10 /home/adrian-skowronski/www/mint/vendor/phpunit/phpunit/src/TextUI/Command.php(97): PHPUnit\TextUI\Command-&gt;run()
#11 /home/adrian-skowronski/www/mint/vendor/phpunit/phpunit/phpunit(98): PHPUnit\TextUI\Command::main()
#12 {main}</stack-trace>
      </failure>
    </test-case>
    <test-case start="1729890455629" stop="1729890455629" status="canceled">
      <name>testDefaultConstructor</name>
      <failure>
        <message>Skipped in #27500 due to testing protected/private methods and properties</message>
        <stack-trace>#0 /home/adrian-skowronski/www/mint/vendor/magento/framework/Profiler/Test/Unit/Driver/Standard/Output/FactoryTest.php(49): PHPUnit\Framework\Assert::markTestSkipped()
#1 /home/adrian-skowronski/www/mint/vendor/phpunit/phpunit/src/Framework/TestCase.php(1548): Magento\Framework\Profiler\Test\Unit\Driver\Standard\Output\FactoryTest-&gt;testDefaultConstructor()
#2 /home/adrian-skowronski/www/mint/vendor/phpunit/phpunit/src/Framework/TestCase.php(1154): PHPUnit\Framework\TestCase-&gt;runTest()
#3 /home/adrian-skowronski/www/mint/vendor/phpunit/phpunit/src/Framework/TestResult.php(728): PHPUnit\Framework\TestCase-&gt;runBare()
#4 /home/adrian-skowronski/www/mint/vendor/phpunit/phpunit/src/Framework/TestCase.php(904): PHPUnit\Framework\TestResult-&gt;run()
#5 /home/adrian-skowronski/www/mint/vendor/phpunit/phpunit/src/Framework/TestSuite.php(675): PHPUnit\Framework\TestCase-&gt;run()
#6 /home/adrian-skowronski/www/mint/vendor/phpunit/phpunit/src/Framework/TestSuite.php(675): PHPUnit\Framework\TestSuite-&gt;run()
#7 /home/adrian-skowronski/www/mint/vendor/phpunit/phpunit/src/Framework/TestSuite.php(675): PHPUnit\Framework\TestSuite-&gt;run()
#8 /home/adrian-skowronski/www/mint/vendor/phpunit/phpunit/src/TextUI/TestRunner.php(653): PHPUnit\Framework\TestSuite-&gt;run()
#9 /home/adrian-skowronski/www/mint/vendor/phpunit/phpunit/src/TextUI/Command.php(144): PHPUnit\TextUI\TestRunner-&gt;run()
#10 /home/adrian-skowronski/www/mint/vendor/phpunit/phpunit/src/TextUI/Command.php(97): PHPUnit\TextUI\Command-&gt;run()
#11 /home/adrian-skowronski/www/mint/vendor/phpunit/phpunit/phpunit(98): PHPUnit\TextUI\Command::main()
#12 {main}</stack-trace>
      </failure>
    </test-case>
    <test-case start="1729890455630" stop="1729890455631" status="broken">
      <name>testCreate with data set "Prefix and concrete type"</name>
      <failure>
        <message>syntax error, unexpected identifier "das", expecting "{"</message>
        <stack-trace>#0 /home/adrian-skowronski/www/mint/vendor/phpunit/phpunit/src/Framework/TestCase.php(904): PHPUnit\Framework\TestResult-&gt;run()
#1 /home/adrian-skowronski/www/mint/vendor/phpunit/phpunit/src/Framework/TestSuite.php(675): PHPUnit\Framework\TestCase-&gt;run()
#2 /home/adrian-skowronski/www/mint/vendor/phpunit/phpunit/src/Framework/TestSuite.php(675): PHPUnit\Framework\TestSuite-&gt;run()
#3 /home/adrian-skowronski/www/mint/vendor/phpunit/phpunit/src/Framework/TestSuite.php(675): PHPUnit\Framework\TestSuite-&gt;run()
#4 /home/adrian-skowronski/www/mint/vendor/phpunit/phpunit/src/Framework/TestSuite.php(675): PHPUnit\Framework\TestSuite-&gt;run()
#5 /home/adrian-skowronski/www/mint/vendor/phpunit/phpunit/src/TextUI/TestRunner.php(653): PHPUnit\Framework\TestSuite-&gt;run()
#6 /home/adrian-skowronski/www/mint/vendor/phpunit/phpunit/src/TextUI/Command.php(144): PHPUnit\TextUI\TestRunner-&gt;run()
#7 /home/adrian-skowronski/www/mint/vendor/phpunit/phpunit/src/TextUI/Command.php(97): PHPUnit\TextUI\Command-&gt;run()
#8 /home/adrian-skowronski/www/mint/vendor/phpunit/phpunit/phpunit(98): PHPUnit\TextUI\Command::main()
#9 {main}</stack-trace>
      </failure>
    </test-case>
    <test-case start="1729890455631" stop="1729890455632" status="passed">
      <name>testCreate with data set "Prefix and default type"</name>
    </test-case>
    <test-case start="1729890455632" stop="1729890455633" status="passed">
      <name>testCreate with data set "Concrete class"</name>
    </test-case>
    <test-case start="1729890455633" stop="1729890455634" status="passed">
      <name>testCreateUndefinedClass</name>
    </test-case>
    <test-case start="1729890455634" stop="1729890455635" status="passed">
      <name>testCreateInvalidClass</name>
    </test-case>
  </test-cases>
</alr:test-suite>
