<?xml version="1.0" encoding="UTF-8"?>
<alr:test-suite xmlns:alr="urn:model.allure.qatools.yandex.ru" start="1729890388148" stop="1729890388165" version="1.4.0">
  <name>Magento\Sales\Test\Unit\Model\OrderRepositoryTest</name>
  <test-cases>
    <test-case start="1729890388149" stop="1729890388157" status="broken">
      <name>testGetList</name>
      <failure>
        <message>Trying to configure method "getShippingAssignments" with addMethods(), but it exists in class "Magento\Sales\Api\Data\OrderExtensionInterface". Use onlyMethods() for methods that exist in the class</message>
        <stack-trace>#0 /home/adrian-skowronski/www/mint/vendor/magento/module-sales/Test/Unit/Model/OrderRepositoryTest.php(259): PHPUnit\Framework\MockObject\MockBuilder-&gt;addMethods()
#1 /home/adrian-skowronski/www/mint/vendor/magento/module-sales/Test/Unit/Model/OrderRepositoryTest.php(142): Magento\Sales\Test\Unit\Model\OrderRepositoryTest-&gt;getOrderExtensionMock()
#2 /home/adrian-skowronski/www/mint/vendor/phpunit/phpunit/src/Framework/TestCase.php(1548): Magento\Sales\Test\Unit\Model\OrderRepositoryTest-&gt;testGetList()
#3 /home/adrian-skowronski/www/mint/vendor/phpunit/phpunit/src/Framework/TestCase.php(1154): PHPUnit\Framework\TestCase-&gt;runTest()
#4 /home/adrian-skowronski/www/mint/vendor/phpunit/phpunit/src/Framework/TestResult.php(728): PHPUnit\Framework\TestCase-&gt;runBare()
#5 /home/adrian-skowronski/www/mint/vendor/phpunit/phpunit/src/Framework/TestCase.php(904): PHPUnit\Framework\TestResult-&gt;run()
#6 /home/adrian-skowronski/www/mint/vendor/phpunit/phpunit/src/Framework/TestSuite.php(675): PHPUnit\Framework\TestCase-&gt;run()
#7 /home/adrian-skowronski/www/mint/vendor/phpunit/phpunit/src/Framework/TestSuite.php(675): PHPUnit\Framework\TestSuite-&gt;run()
#8 /home/adrian-skowronski/www/mint/vendor/phpunit/phpunit/src/Framework/TestSuite.php(675): PHPUnit\Framework\TestSuite-&gt;run()
#9 /home/adrian-skowronski/www/mint/vendor/phpunit/phpunit/src/TextUI/TestRunner.php(653): PHPUnit\Framework\TestSuite-&gt;run()
#10 /home/adrian-skowronski/www/mint/vendor/phpunit/phpunit/src/TextUI/Command.php(144): PHPUnit\TextUI\TestRunner-&gt;run()
#11 /home/adrian-skowronski/www/mint/vendor/phpunit/phpunit/src/TextUI/Command.php(97): PHPUnit\TextUI\Command-&gt;run()
#12 /home/adrian-skowronski/www/mint/vendor/phpunit/phpunit/phpunit(98): PHPUnit\TextUI\Command::main()
#13 {main}</stack-trace>
      </failure>
    </test-case>
    <test-case start="1729890388157" stop="1729890388162" status="broken">
      <name>testSave</name>
      <failure>
        <message>Trying to configure method "getShippingAssignments" with addMethods(), but it exists in class "Magento\Sales\Api\Data\OrderExtensionInterface". Use onlyMethods() for methods that exist in the class</message>
        <stack-trace>#0 /home/adrian-skowronski/www/mint/vendor/magento/module-sales/Test/Unit/Model/OrderRepositoryTest.php(259): PHPUnit\Framework\MockObject\MockBuilder-&gt;addMethods()
#1 /home/adrian-skowronski/www/mint/vendor/magento/module-sales/Test/Unit/Model/OrderRepositoryTest.php(181): Magento\Sales\Test\Unit\Model\OrderRepositoryTest-&gt;getOrderExtensionMock()
#2 /home/adrian-skowronski/www/mint/vendor/phpunit/phpunit/src/Framework/TestCase.php(1548): Magento\Sales\Test\Unit\Model\OrderRepositoryTest-&gt;testSave()
#3 /home/adrian-skowronski/www/mint/vendor/phpunit/phpunit/src/Framework/TestCase.php(1154): PHPUnit\Framework\TestCase-&gt;runTest()
#4 /home/adrian-skowronski/www/mint/vendor/phpunit/phpunit/src/Framework/TestResult.php(728): PHPUnit\Framework\TestCase-&gt;runBare()
#5 /home/adrian-skowronski/www/mint/vendor/phpunit/phpunit/src/Framework/TestCase.php(904): PHPUnit\Framework\TestResult-&gt;run()
#6 /home/adrian-skowronski/www/mint/vendor/phpunit/phpunit/src/Framework/TestSuite.php(675): PHPUnit\Framework\TestCase-&gt;run()
#7 /home/adrian-skowronski/www/mint/vendor/phpunit/phpunit/src/Framework/TestSuite.php(675): PHPUnit\Framework\TestSuite-&gt;run()
#8 /home/adrian-skowronski/www/mint/vendor/phpunit/phpunit/src/Framework/TestSuite.php(675): PHPUnit\Framework\TestSuite-&gt;run()
#9 /home/adrian-skowronski/www/mint/vendor/phpunit/phpunit/src/TextUI/TestRunner.php(653): PHPUnit\Framework\TestSuite-&gt;run()
#10 /home/adrian-skowronski/www/mint/vendor/phpunit/phpunit/src/TextUI/Command.php(144): PHPUnit\TextUI\TestRunner-&gt;run()
#11 /home/adrian-skowronski/www/mint/vendor/phpunit/phpunit/src/TextUI/Command.php(97): PHPUnit\TextUI\Command-&gt;run()
#12 /home/adrian-skowronski/www/mint/vendor/phpunit/phpunit/phpunit(98): PHPUnit\TextUI\Command::main()
#13 {main}</stack-trace>
      </failure>
    </test-case>
    <test-case start="1729890388162" stop="1729890388165" status="broken">
      <name>testGet</name>
      <failure>
        <message>Trying to configure method "getShippingAssignments" with addMethods(), but it exists in class "Magento\Sales\Api\Data\OrderExtensionInterface". Use onlyMethods() for methods that exist in the class</message>
        <stack-trace>#0 /home/adrian-skowronski/www/mint/vendor/magento/module-sales/Test/Unit/Model/OrderRepositoryTest.php(259): PHPUnit\Framework\MockObject\MockBuilder-&gt;addMethods()
#1 /home/adrian-skowronski/www/mint/vendor/magento/module-sales/Test/Unit/Model/OrderRepositoryTest.php(221): Magento\Sales\Test\Unit\Model\OrderRepositoryTest-&gt;getOrderExtensionMock()
#2 /home/adrian-skowronski/www/mint/vendor/phpunit/phpunit/src/Framework/TestCase.php(1548): Magento\Sales\Test\Unit\Model\OrderRepositoryTest-&gt;testGet()
#3 /home/adrian-skowronski/www/mint/vendor/phpunit/phpunit/src/Framework/TestCase.php(1154): PHPUnit\Framework\TestCase-&gt;runTest()
#4 /home/adrian-skowronski/www/mint/vendor/phpunit/phpunit/src/Framework/TestResult.php(728): PHPUnit\Framework\TestCase-&gt;runBare()
#5 /home/adrian-skowronski/www/mint/vendor/phpunit/phpunit/src/Framework/TestCase.php(904): PHPUnit\Framework\TestResult-&gt;run()
#6 /home/adrian-skowronski/www/mint/vendor/phpunit/phpunit/src/Framework/TestSuite.php(675): PHPUnit\Framework\TestCase-&gt;run()
#7 /home/adrian-skowronski/www/mint/vendor/phpunit/phpunit/src/Framework/TestSuite.php(675): PHPUnit\Framework\TestSuite-&gt;run()
#8 /home/adrian-skowronski/www/mint/vendor/phpunit/phpunit/src/Framework/TestSuite.php(675): PHPUnit\Framework\TestSuite-&gt;run()
#9 /home/adrian-skowronski/www/mint/vendor/phpunit/phpunit/src/TextUI/TestRunner.php(653): PHPUnit\Framework\TestSuite-&gt;run()
#10 /home/adrian-skowronski/www/mint/vendor/phpunit/phpunit/src/TextUI/Command.php(144): PHPUnit\TextUI\TestRunner-&gt;run()
#11 /home/adrian-skowronski/www/mint/vendor/phpunit/phpunit/src/TextUI/Command.php(97): PHPUnit\TextUI\Command-&gt;run()
#12 /home/adrian-skowronski/www/mint/vendor/phpunit/phpunit/phpunit(98): PHPUnit\TextUI\Command::main()
#13 {main}</stack-trace>
      </failure>
    </test-case>
  </test-cases>
</alr:test-suite>
