<?xml version="1.0" encoding="UTF-8"?>
<alr:test-suite xmlns:alr="urn:model.allure.qatools.yandex.ru" start="1729890420845" stop="1729890421384" version="1.4.0">
  <name>Magento\Framework\Test\Unit\ShellTest</name>
  <test-cases>
    <test-case start="1729890420845" stop="1729890420938" status="failed">
      <name>testExecute with data set "STDOUT"</name>
      <failure>
        <message>Failed asserting that two strings are equal.
--- Expected
+++ Actual
@@ @@
-'27181'
+'Cannot load Xdebug - it was already loaded\n
+Xdebug: [Step Debug] Could not connect to debugging client. Tried: 127.0.0.1:9003 (through xdebug.client_host/xdebug.client_port).\n
+27181'
</message>
        <stack-trace>#0 /home/adrian-skowronski/www/mint/vendor/phpunit/phpunit/src/Framework/Assert.php(2350): PHPUnit\Framework\Constraint\IsEqual-&gt;evaluate()
#1 /home/adrian-skowronski/www/mint/vendor/phpunit/phpunit/src/Framework/Assert.php(324): PHPUnit\Framework\Assert::assertThat()
#2 /home/adrian-skowronski/www/mint/vendor/magento/framework/Test/Unit/ShellTest.php(56): PHPUnit\Framework\Assert::assertEquals()
#3 /home/adrian-skowronski/www/mint/vendor/magento/framework/Test/Unit/ShellTest.php(70): Magento\Framework\Test\Unit\ShellTest-&gt;_testExecuteCommand()
#4 /home/adrian-skowronski/www/mint/vendor/phpunit/phpunit/src/Framework/TestCase.php(1548): Magento\Framework\Test\Unit\ShellTest-&gt;testExecute()
#5 /home/adrian-skowronski/www/mint/vendor/phpunit/phpunit/src/Framework/TestCase.php(1154): PHPUnit\Framework\TestCase-&gt;runTest()
#6 /home/adrian-skowronski/www/mint/vendor/phpunit/phpunit/src/Framework/TestResult.php(728): PHPUnit\Framework\TestCase-&gt;runBare()
#7 /home/adrian-skowronski/www/mint/vendor/phpunit/phpunit/src/Framework/TestCase.php(904): PHPUnit\Framework\TestResult-&gt;run()
#8 /home/adrian-skowronski/www/mint/vendor/phpunit/phpunit/src/Framework/TestSuite.php(675): PHPUnit\Framework\TestCase-&gt;run()
#9 /home/adrian-skowronski/www/mint/vendor/phpunit/phpunit/src/Framework/TestSuite.php(675): PHPUnit\Framework\TestSuite-&gt;run()
#10 /home/adrian-skowronski/www/mint/vendor/phpunit/phpunit/src/Framework/TestSuite.php(675): PHPUnit\Framework\TestSuite-&gt;run()
#11 /home/adrian-skowronski/www/mint/vendor/phpunit/phpunit/src/Framework/TestSuite.php(675): PHPUnit\Framework\TestSuite-&gt;run()
#12 /home/adrian-skowronski/www/mint/vendor/phpunit/phpunit/src/TextUI/TestRunner.php(653): PHPUnit\Framework\TestSuite-&gt;run()
#13 /home/adrian-skowronski/www/mint/vendor/phpunit/phpunit/src/TextUI/Command.php(144): PHPUnit\TextUI\TestRunner-&gt;run()
#14 /home/adrian-skowronski/www/mint/vendor/phpunit/phpunit/src/TextUI/Command.php(97): PHPUnit\TextUI\Command-&gt;run()
#15 /home/adrian-skowronski/www/mint/vendor/phpunit/phpunit/phpunit(98): PHPUnit\TextUI\Command::main()
#16 {main}</stack-trace>
      </failure>
    </test-case>
    <test-case start="1729890420938" stop="1729890420974" status="failed">
      <name>testExecute with data set "STDERR"</name>
      <failure>
        <message>Failed asserting that two strings are equal.
--- Expected
+++ Actual
@@ @@
-'27182'
+'Cannot load Xdebug - it was already loaded\n
+Xdebug: [Step Debug] Could not connect to debugging client. Tried: 127.0.0.1:9003 (through xdebug.client_host/xdebug.client_port).\n
+27182'
</message>
        <stack-trace>#0 /home/adrian-skowronski/www/mint/vendor/phpunit/phpunit/src/Framework/Assert.php(2350): PHPUnit\Framework\Constraint\IsEqual-&gt;evaluate()
#1 /home/adrian-skowronski/www/mint/vendor/phpunit/phpunit/src/Framework/Assert.php(324): PHPUnit\Framework\Assert::assertThat()
#2 /home/adrian-skowronski/www/mint/vendor/magento/framework/Test/Unit/ShellTest.php(56): PHPUnit\Framework\Assert::assertEquals()
#3 /home/adrian-skowronski/www/mint/vendor/magento/framework/Test/Unit/ShellTest.php(70): Magento\Framework\Test\Unit\ShellTest-&gt;_testExecuteCommand()
#4 /home/adrian-skowronski/www/mint/vendor/phpunit/phpunit/src/Framework/TestCase.php(1548): Magento\Framework\Test\Unit\ShellTest-&gt;testExecute()
#5 /home/adrian-skowronski/www/mint/vendor/phpunit/phpunit/src/Framework/TestCase.php(1154): PHPUnit\Framework\TestCase-&gt;runTest()
#6 /home/adrian-skowronski/www/mint/vendor/phpunit/phpunit/src/Framework/TestResult.php(728): PHPUnit\Framework\TestCase-&gt;runBare()
#7 /home/adrian-skowronski/www/mint/vendor/phpunit/phpunit/src/Framework/TestCase.php(904): PHPUnit\Framework\TestResult-&gt;run()
#8 /home/adrian-skowronski/www/mint/vendor/phpunit/phpunit/src/Framework/TestSuite.php(675): PHPUnit\Framework\TestCase-&gt;run()
#9 /home/adrian-skowronski/www/mint/vendor/phpunit/phpunit/src/Framework/TestSuite.php(675): PHPUnit\Framework\TestSuite-&gt;run()
#10 /home/adrian-skowronski/www/mint/vendor/phpunit/phpunit/src/Framework/TestSuite.php(675): PHPUnit\Framework\TestSuite-&gt;run()
#11 /home/adrian-skowronski/www/mint/vendor/phpunit/phpunit/src/Framework/TestSuite.php(675): PHPUnit\Framework\TestSuite-&gt;run()
#12 /home/adrian-skowronski/www/mint/vendor/phpunit/phpunit/src/TextUI/TestRunner.php(653): PHPUnit\Framework\TestSuite-&gt;run()
#13 /home/adrian-skowronski/www/mint/vendor/phpunit/phpunit/src/TextUI/Command.php(144): PHPUnit\TextUI\TestRunner-&gt;run()
#14 /home/adrian-skowronski/www/mint/vendor/phpunit/phpunit/src/TextUI/Command.php(97): PHPUnit\TextUI\Command-&gt;run()
#15 /home/adrian-skowronski/www/mint/vendor/phpunit/phpunit/phpunit(98): PHPUnit\TextUI\Command::main()
#16 {main}</stack-trace>
      </failure>
    </test-case>
    <test-case start="1729890420975" stop="1729890421013" status="failed">
      <name>testExecute with data set "piping STDERR -&gt; STDOUT"</name>
      <failure>
        <message>Failed asserting that two strings are equal.
--- Expected
+++ Actual
@@ @@
-'27183'
+'Cannot load Xdebug - it was already loaded\n
+Xdebug: [Step Debug] Could not connect to debugging client. Tried: 127.0.0.1:9003 (through xdebug.client_host/xdebug.client_port).\n
+Cannot load Xdebug - it was already loaded'
</message>
        <stack-trace>#0 /home/adrian-skowronski/www/mint/vendor/phpunit/phpunit/src/Framework/Assert.php(2350): PHPUnit\Framework\Constraint\IsEqual-&gt;evaluate()
#1 /home/adrian-skowronski/www/mint/vendor/phpunit/phpunit/src/Framework/Assert.php(324): PHPUnit\Framework\Assert::assertThat()
#2 /home/adrian-skowronski/www/mint/vendor/magento/framework/Test/Unit/ShellTest.php(56): PHPUnit\Framework\Assert::assertEquals()
#3 /home/adrian-skowronski/www/mint/vendor/magento/framework/Test/Unit/ShellTest.php(70): Magento\Framework\Test\Unit\ShellTest-&gt;_testExecuteCommand()
#4 /home/adrian-skowronski/www/mint/vendor/phpunit/phpunit/src/Framework/TestCase.php(1548): Magento\Framework\Test\Unit\ShellTest-&gt;testExecute()
#5 /home/adrian-skowronski/www/mint/vendor/phpunit/phpunit/src/Framework/TestCase.php(1154): PHPUnit\Framework\TestCase-&gt;runTest()
#6 /home/adrian-skowronski/www/mint/vendor/phpunit/phpunit/src/Framework/TestResult.php(728): PHPUnit\Framework\TestCase-&gt;runBare()
#7 /home/adrian-skowronski/www/mint/vendor/phpunit/phpunit/src/Framework/TestCase.php(904): PHPUnit\Framework\TestResult-&gt;run()
#8 /home/adrian-skowronski/www/mint/vendor/phpunit/phpunit/src/Framework/TestSuite.php(675): PHPUnit\Framework\TestCase-&gt;run()
#9 /home/adrian-skowronski/www/mint/vendor/phpunit/phpunit/src/Framework/TestSuite.php(675): PHPUnit\Framework\TestSuite-&gt;run()
#10 /home/adrian-skowronski/www/mint/vendor/phpunit/phpunit/src/Framework/TestSuite.php(675): PHPUnit\Framework\TestSuite-&gt;run()
#11 /home/adrian-skowronski/www/mint/vendor/phpunit/phpunit/src/Framework/TestSuite.php(675): PHPUnit\Framework\TestSuite-&gt;run()
#12 /home/adrian-skowronski/www/mint/vendor/phpunit/phpunit/src/TextUI/TestRunner.php(653): PHPUnit\Framework\TestSuite-&gt;run()
#13 /home/adrian-skowronski/www/mint/vendor/phpunit/phpunit/src/TextUI/Command.php(144): PHPUnit\TextUI\TestRunner-&gt;run()
#14 /home/adrian-skowronski/www/mint/vendor/phpunit/phpunit/src/TextUI/Command.php(97): PHPUnit\TextUI\Command-&gt;run()
#15 /home/adrian-skowronski/www/mint/vendor/phpunit/phpunit/phpunit(98): PHPUnit\TextUI\Command::main()
#16 {main}</stack-trace>
      </failure>
    </test-case>
    <test-case start="1729890421014" stop="1729890421056" status="failed">
      <name>testExecute with data set "piping STDERR -&gt; STDERR"</name>
      <failure>
        <message>Failed asserting that two strings are equal.
--- Expected
+++ Actual
@@ @@
-'27184'
+'Cannot load Xdebug - it was already loaded\n
+Xdebug: [Step Debug] Could not connect to debugging client. Tried: 127.0.0.1:9003 (through xdebug.client_host/xdebug.client_port).\n
+Cannot load Xdebug - it was already loaded'
</message>
        <stack-trace>#0 /home/adrian-skowronski/www/mint/vendor/phpunit/phpunit/src/Framework/Assert.php(2350): PHPUnit\Framework\Constraint\IsEqual-&gt;evaluate()
#1 /home/adrian-skowronski/www/mint/vendor/phpunit/phpunit/src/Framework/Assert.php(324): PHPUnit\Framework\Assert::assertThat()
#2 /home/adrian-skowronski/www/mint/vendor/magento/framework/Test/Unit/ShellTest.php(56): PHPUnit\Framework\Assert::assertEquals()
#3 /home/adrian-skowronski/www/mint/vendor/magento/framework/Test/Unit/ShellTest.php(70): Magento\Framework\Test\Unit\ShellTest-&gt;_testExecuteCommand()
#4 /home/adrian-skowronski/www/mint/vendor/phpunit/phpunit/src/Framework/TestCase.php(1548): Magento\Framework\Test\Unit\ShellTest-&gt;testExecute()
#5 /home/adrian-skowronski/www/mint/vendor/phpunit/phpunit/src/Framework/TestCase.php(1154): PHPUnit\Framework\TestCase-&gt;runTest()
#6 /home/adrian-skowronski/www/mint/vendor/phpunit/phpunit/src/Framework/TestResult.php(728): PHPUnit\Framework\TestCase-&gt;runBare()
#7 /home/adrian-skowronski/www/mint/vendor/phpunit/phpunit/src/Framework/TestCase.php(904): PHPUnit\Framework\TestResult-&gt;run()
#8 /home/adrian-skowronski/www/mint/vendor/phpunit/phpunit/src/Framework/TestSuite.php(675): PHPUnit\Framework\TestCase-&gt;run()
#9 /home/adrian-skowronski/www/mint/vendor/phpunit/phpunit/src/Framework/TestSuite.php(675): PHPUnit\Framework\TestSuite-&gt;run()
#10 /home/adrian-skowronski/www/mint/vendor/phpunit/phpunit/src/Framework/TestSuite.php(675): PHPUnit\Framework\TestSuite-&gt;run()
#11 /home/adrian-skowronski/www/mint/vendor/phpunit/phpunit/src/Framework/TestSuite.php(675): PHPUnit\Framework\TestSuite-&gt;run()
#12 /home/adrian-skowronski/www/mint/vendor/phpunit/phpunit/src/TextUI/TestRunner.php(653): PHPUnit\Framework\TestSuite-&gt;run()
#13 /home/adrian-skowronski/www/mint/vendor/phpunit/phpunit/src/TextUI/Command.php(144): PHPUnit\TextUI\TestRunner-&gt;run()
#14 /home/adrian-skowronski/www/mint/vendor/phpunit/phpunit/src/TextUI/Command.php(97): PHPUnit\TextUI\Command-&gt;run()
#15 /home/adrian-skowronski/www/mint/vendor/phpunit/phpunit/phpunit(98): PHPUnit\TextUI\Command::main()
#16 {main}</stack-trace>
      </failure>
    </test-case>
    <test-case start="1729890421057" stop="1729890421093" status="failed">
      <name>testExecuteLog with data set "STDOUT"</name>
      <failure>
        <message>Expectation failed for method name is "info" when invoked zero or more times
Parameter 0 for invocation #1 Psr\Log\LoggerInterface::info('Cannot load Xdebug - it was a...n27181', Array ()) does not match expected value.
Failed asserting that two strings are equal.
--- Expected
+++ Actual
@@ @@
-'27181'
+'Cannot load Xdebug - it was already loaded\n
+Xdebug: [Step Debug] Could not connect to debugging client. Tried: 127.0.0.1:9003 (through xdebug.client_host/xdebug.client_port).\n
+27181'
</message>
        <stack-trace>#0 /home/adrian-skowronski/www/mint/vendor/phpunit/phpunit/src/Framework/MockObject/InvocationHandler.php(122): PHPUnit\Framework\MockObject\Matcher-&gt;invoked()
#1 /home/adrian-skowronski/www/mint/vendor/phpunit/phpunit/src/Framework/MockObject/MockClass.php(51) : eval()'d code(163): PHPUnit\Framework\MockObject\InvocationHandler-&gt;invoke()
#2 /home/adrian-skowronski/www/mint/vendor/magento/framework/Shell.php(83): Mock_LoggerInterface_1bf31870-&gt;info()
#3 /home/adrian-skowronski/www/mint/vendor/magento/framework/Shell.php(62): Magento\Framework\Shell-&gt;log()
#4 /home/adrian-skowronski/www/mint/vendor/magento/framework/Test/Unit/ShellTest.php(55): Magento\Framework\Shell-&gt;execute()
#5 /home/adrian-skowronski/www/mint/vendor/magento/framework/Test/Unit/ShellTest.php(100): Magento\Framework\Test\Unit\ShellTest-&gt;_testExecuteCommand()
#6 /home/adrian-skowronski/www/mint/vendor/phpunit/phpunit/src/Framework/TestCase.php(1548): Magento\Framework\Test\Unit\ShellTest-&gt;testExecuteLog()
#7 /home/adrian-skowronski/www/mint/vendor/phpunit/phpunit/src/Framework/TestCase.php(1154): PHPUnit\Framework\TestCase-&gt;runTest()
#8 /home/adrian-skowronski/www/mint/vendor/phpunit/phpunit/src/Framework/TestResult.php(728): PHPUnit\Framework\TestCase-&gt;runBare()
#9 /home/adrian-skowronski/www/mint/vendor/phpunit/phpunit/src/Framework/TestCase.php(904): PHPUnit\Framework\TestResult-&gt;run()
#10 /home/adrian-skowronski/www/mint/vendor/phpunit/phpunit/src/Framework/TestSuite.php(675): PHPUnit\Framework\TestCase-&gt;run()
#11 /home/adrian-skowronski/www/mint/vendor/phpunit/phpunit/src/Framework/TestSuite.php(675): PHPUnit\Framework\TestSuite-&gt;run()
#12 /home/adrian-skowronski/www/mint/vendor/phpunit/phpunit/src/Framework/TestSuite.php(675): PHPUnit\Framework\TestSuite-&gt;run()
#13 /home/adrian-skowronski/www/mint/vendor/phpunit/phpunit/src/Framework/TestSuite.php(675): PHPUnit\Framework\TestSuite-&gt;run()
#14 /home/adrian-skowronski/www/mint/vendor/phpunit/phpunit/src/TextUI/TestRunner.php(653): PHPUnit\Framework\TestSuite-&gt;run()
#15 /home/adrian-skowronski/www/mint/vendor/phpunit/phpunit/src/TextUI/Command.php(144): PHPUnit\TextUI\TestRunner-&gt;run()
#16 /home/adrian-skowronski/www/mint/vendor/phpunit/phpunit/src/TextUI/Command.php(97): PHPUnit\TextUI\Command-&gt;run()
#17 /home/adrian-skowronski/www/mint/vendor/phpunit/phpunit/phpunit(98): PHPUnit\TextUI\Command::main()
#18 {main}</stack-trace>
      </failure>
    </test-case>
    <test-case start="1729890421094" stop="1729890421130" status="failed">
      <name>testExecuteLog with data set "STDERR"</name>
      <failure>
        <message>Expectation failed for method name is "info" when invoked zero or more times
Parameter 0 for invocation #1 Psr\Log\LoggerInterface::info('Cannot load Xdebug - it was a...n27182', Array ()) does not match expected value.
Failed asserting that two strings are equal.
--- Expected
+++ Actual
@@ @@
-'27182'
+'Cannot load Xdebug - it was already loaded\n
+Xdebug: [Step Debug] Could not connect to debugging client. Tried: 127.0.0.1:9003 (through xdebug.client_host/xdebug.client_port).\n
+27182'
</message>
        <stack-trace>#0 /home/adrian-skowronski/www/mint/vendor/phpunit/phpunit/src/Framework/MockObject/InvocationHandler.php(122): PHPUnit\Framework\MockObject\Matcher-&gt;invoked()
#1 /home/adrian-skowronski/www/mint/vendor/phpunit/phpunit/src/Framework/MockObject/MockClass.php(51) : eval()'d code(163): PHPUnit\Framework\MockObject\InvocationHandler-&gt;invoke()
#2 /home/adrian-skowronski/www/mint/vendor/magento/framework/Shell.php(83): Mock_LoggerInterface_1bf31870-&gt;info()
#3 /home/adrian-skowronski/www/mint/vendor/magento/framework/Shell.php(62): Magento\Framework\Shell-&gt;log()
#4 /home/adrian-skowronski/www/mint/vendor/magento/framework/Test/Unit/ShellTest.php(55): Magento\Framework\Shell-&gt;execute()
#5 /home/adrian-skowronski/www/mint/vendor/magento/framework/Test/Unit/ShellTest.php(100): Magento\Framework\Test\Unit\ShellTest-&gt;_testExecuteCommand()
#6 /home/adrian-skowronski/www/mint/vendor/phpunit/phpunit/src/Framework/TestCase.php(1548): Magento\Framework\Test\Unit\ShellTest-&gt;testExecuteLog()
#7 /home/adrian-skowronski/www/mint/vendor/phpunit/phpunit/src/Framework/TestCase.php(1154): PHPUnit\Framework\TestCase-&gt;runTest()
#8 /home/adrian-skowronski/www/mint/vendor/phpunit/phpunit/src/Framework/TestResult.php(728): PHPUnit\Framework\TestCase-&gt;runBare()
#9 /home/adrian-skowronski/www/mint/vendor/phpunit/phpunit/src/Framework/TestCase.php(904): PHPUnit\Framework\TestResult-&gt;run()
#10 /home/adrian-skowronski/www/mint/vendor/phpunit/phpunit/src/Framework/TestSuite.php(675): PHPUnit\Framework\TestCase-&gt;run()
#11 /home/adrian-skowronski/www/mint/vendor/phpunit/phpunit/src/Framework/TestSuite.php(675): PHPUnit\Framework\TestSuite-&gt;run()
#12 /home/adrian-skowronski/www/mint/vendor/phpunit/phpunit/src/Framework/TestSuite.php(675): PHPUnit\Framework\TestSuite-&gt;run()
#13 /home/adrian-skowronski/www/mint/vendor/phpunit/phpunit/src/Framework/TestSuite.php(675): PHPUnit\Framework\TestSuite-&gt;run()
#14 /home/adrian-skowronski/www/mint/vendor/phpunit/phpunit/src/TextUI/TestRunner.php(653): PHPUnit\Framework\TestSuite-&gt;run()
#15 /home/adrian-skowronski/www/mint/vendor/phpunit/phpunit/src/TextUI/Command.php(144): PHPUnit\TextUI\TestRunner-&gt;run()
#16 /home/adrian-skowronski/www/mint/vendor/phpunit/phpunit/src/TextUI/Command.php(97): PHPUnit\TextUI\Command-&gt;run()
#17 /home/adrian-skowronski/www/mint/vendor/phpunit/phpunit/phpunit(98): PHPUnit\TextUI\Command::main()
#18 {main}</stack-trace>
      </failure>
    </test-case>
    <test-case start="1729890421131" stop="1729890421183" status="failed">
      <name>testExecuteLog with data set "piping STDERR -&gt; STDOUT"</name>
      <failure>
        <message>Expectation failed for method name is "info" when invoked zero or more times
Parameter 0 for invocation #1 Psr\Log\LoggerInterface::info('Cannot load Xdebug - it was a...loaded', Array ()) does not match expected value.
Failed asserting that two strings are equal.
--- Expected
+++ Actual
@@ @@
-'27183'
+'Cannot load Xdebug - it was already loaded\n
+Xdebug: [Step Debug] Could not connect to debugging client. Tried: 127.0.0.1:9003 (through xdebug.client_host/xdebug.client_port).\n
+Cannot load Xdebug - it was already loaded'
</message>
        <stack-trace>#0 /home/adrian-skowronski/www/mint/vendor/phpunit/phpunit/src/Framework/MockObject/InvocationHandler.php(122): PHPUnit\Framework\MockObject\Matcher-&gt;invoked()
#1 /home/adrian-skowronski/www/mint/vendor/phpunit/phpunit/src/Framework/MockObject/MockClass.php(51) : eval()'d code(163): PHPUnit\Framework\MockObject\InvocationHandler-&gt;invoke()
#2 /home/adrian-skowronski/www/mint/vendor/magento/framework/Shell.php(83): Mock_LoggerInterface_1bf31870-&gt;info()
#3 /home/adrian-skowronski/www/mint/vendor/magento/framework/Shell.php(62): Magento\Framework\Shell-&gt;log()
#4 /home/adrian-skowronski/www/mint/vendor/magento/framework/Test/Unit/ShellTest.php(55): Magento\Framework\Shell-&gt;execute()
#5 /home/adrian-skowronski/www/mint/vendor/magento/framework/Test/Unit/ShellTest.php(100): Magento\Framework\Test\Unit\ShellTest-&gt;_testExecuteCommand()
#6 /home/adrian-skowronski/www/mint/vendor/phpunit/phpunit/src/Framework/TestCase.php(1548): Magento\Framework\Test\Unit\ShellTest-&gt;testExecuteLog()
#7 /home/adrian-skowronski/www/mint/vendor/phpunit/phpunit/src/Framework/TestCase.php(1154): PHPUnit\Framework\TestCase-&gt;runTest()
#8 /home/adrian-skowronski/www/mint/vendor/phpunit/phpunit/src/Framework/TestResult.php(728): PHPUnit\Framework\TestCase-&gt;runBare()
#9 /home/adrian-skowronski/www/mint/vendor/phpunit/phpunit/src/Framework/TestCase.php(904): PHPUnit\Framework\TestResult-&gt;run()
#10 /home/adrian-skowronski/www/mint/vendor/phpunit/phpunit/src/Framework/TestSuite.php(675): PHPUnit\Framework\TestCase-&gt;run()
#11 /home/adrian-skowronski/www/mint/vendor/phpunit/phpunit/src/Framework/TestSuite.php(675): PHPUnit\Framework\TestSuite-&gt;run()
#12 /home/adrian-skowronski/www/mint/vendor/phpunit/phpunit/src/Framework/TestSuite.php(675): PHPUnit\Framework\TestSuite-&gt;run()
#13 /home/adrian-skowronski/www/mint/vendor/phpunit/phpunit/src/Framework/TestSuite.php(675): PHPUnit\Framework\TestSuite-&gt;run()
#14 /home/adrian-skowronski/www/mint/vendor/phpunit/phpunit/src/TextUI/TestRunner.php(653): PHPUnit\Framework\TestSuite-&gt;run()
#15 /home/adrian-skowronski/www/mint/vendor/phpunit/phpunit/src/TextUI/Command.php(144): PHPUnit\TextUI\TestRunner-&gt;run()
#16 /home/adrian-skowronski/www/mint/vendor/phpunit/phpunit/src/TextUI/Command.php(97): PHPUnit\TextUI\Command-&gt;run()
#17 /home/adrian-skowronski/www/mint/vendor/phpunit/phpunit/phpunit(98): PHPUnit\TextUI\Command::main()
#18 {main}</stack-trace>
      </failure>
    </test-case>
    <test-case start="1729890421184" stop="1729890421224" status="failed">
      <name>testExecuteLog with data set "piping STDERR -&gt; STDERR"</name>
      <failure>
        <message>Expectation failed for method name is "info" when invoked zero or more times
Parameter 0 for invocation #1 Psr\Log\LoggerInterface::info('Cannot load Xdebug - it was a...loaded', Array ()) does not match expected value.
Failed asserting that two strings are equal.
--- Expected
+++ Actual
@@ @@
-'27184'
+'Cannot load Xdebug - it was already loaded\n
+Xdebug: [Step Debug] Could not connect to debugging client. Tried: 127.0.0.1:9003 (through xdebug.client_host/xdebug.client_port).\n
+Cannot load Xdebug - it was already loaded'
</message>
        <stack-trace>#0 /home/adrian-skowronski/www/mint/vendor/phpunit/phpunit/src/Framework/MockObject/InvocationHandler.php(122): PHPUnit\Framework\MockObject\Matcher-&gt;invoked()
#1 /home/adrian-skowronski/www/mint/vendor/phpunit/phpunit/src/Framework/MockObject/MockClass.php(51) : eval()'d code(163): PHPUnit\Framework\MockObject\InvocationHandler-&gt;invoke()
#2 /home/adrian-skowronski/www/mint/vendor/magento/framework/Shell.php(83): Mock_LoggerInterface_1bf31870-&gt;info()
#3 /home/adrian-skowronski/www/mint/vendor/magento/framework/Shell.php(62): Magento\Framework\Shell-&gt;log()
#4 /home/adrian-skowronski/www/mint/vendor/magento/framework/Test/Unit/ShellTest.php(55): Magento\Framework\Shell-&gt;execute()
#5 /home/adrian-skowronski/www/mint/vendor/magento/framework/Test/Unit/ShellTest.php(100): Magento\Framework\Test\Unit\ShellTest-&gt;_testExecuteCommand()
#6 /home/adrian-skowronski/www/mint/vendor/phpunit/phpunit/src/Framework/TestCase.php(1548): Magento\Framework\Test\Unit\ShellTest-&gt;testExecuteLog()
#7 /home/adrian-skowronski/www/mint/vendor/phpunit/phpunit/src/Framework/TestCase.php(1154): PHPUnit\Framework\TestCase-&gt;runTest()
#8 /home/adrian-skowronski/www/mint/vendor/phpunit/phpunit/src/Framework/TestResult.php(728): PHPUnit\Framework\TestCase-&gt;runBare()
#9 /home/adrian-skowronski/www/mint/vendor/phpunit/phpunit/src/Framework/TestCase.php(904): PHPUnit\Framework\TestResult-&gt;run()
#10 /home/adrian-skowronski/www/mint/vendor/phpunit/phpunit/src/Framework/TestSuite.php(675): PHPUnit\Framework\TestCase-&gt;run()
#11 /home/adrian-skowronski/www/mint/vendor/phpunit/phpunit/src/Framework/TestSuite.php(675): PHPUnit\Framework\TestSuite-&gt;run()
#12 /home/adrian-skowronski/www/mint/vendor/phpunit/phpunit/src/Framework/TestSuite.php(675): PHPUnit\Framework\TestSuite-&gt;run()
#13 /home/adrian-skowronski/www/mint/vendor/phpunit/phpunit/src/Framework/TestSuite.php(675): PHPUnit\Framework\TestSuite-&gt;run()
#14 /home/adrian-skowronski/www/mint/vendor/phpunit/phpunit/src/TextUI/TestRunner.php(653): PHPUnit\Framework\TestSuite-&gt;run()
#15 /home/adrian-skowronski/www/mint/vendor/phpunit/phpunit/src/TextUI/Command.php(144): PHPUnit\TextUI\TestRunner-&gt;run()
#16 /home/adrian-skowronski/www/mint/vendor/phpunit/phpunit/src/TextUI/Command.php(97): PHPUnit\TextUI\Command-&gt;run()
#17 /home/adrian-skowronski/www/mint/vendor/phpunit/phpunit/phpunit(98): PHPUnit\TextUI\Command::main()
#18 {main}</stack-trace>
      </failure>
    </test-case>
    <test-case start="1729890421224" stop="1729890421230" status="passed">
      <name>testExecuteFailure</name>
    </test-case>
    <test-case start="1729890421231" stop="1729890421267" status="failed">
      <name>testExecuteFailureDetails with data set "STDOUT"</name>
      <failure>
        <message>Failed asserting that two strings are equal.
--- Expected
+++ Actual
@@ @@
-'27181'
+'Cannot load Xdebug - it was already loaded\n
+Xdebug: [Step Debug] Could not connect to debugging client. Tried: 127.0.0.1:9003 (through xdebug.client_host/xdebug.client_port).\n
+27181'
</message>
        <stack-trace>#0 /home/adrian-skowronski/www/mint/vendor/phpunit/phpunit/src/Framework/Assert.php(2350): PHPUnit\Framework\Constraint\IsEqual-&gt;evaluate()
#1 /home/adrian-skowronski/www/mint/vendor/phpunit/phpunit/src/Framework/Assert.php(324): PHPUnit\Framework\Assert::assertThat()
#2 /home/adrian-skowronski/www/mint/vendor/magento/framework/Test/Unit/ShellTest.php(165): PHPUnit\Framework\Assert::assertEquals()
#3 /home/adrian-skowronski/www/mint/vendor/phpunit/phpunit/src/Framework/TestCase.php(1548): Magento\Framework\Test\Unit\ShellTest-&gt;testExecuteFailureDetails()
#4 /home/adrian-skowronski/www/mint/vendor/phpunit/phpunit/src/Framework/TestCase.php(1154): PHPUnit\Framework\TestCase-&gt;runTest()
#5 /home/adrian-skowronski/www/mint/vendor/phpunit/phpunit/src/Framework/TestResult.php(728): PHPUnit\Framework\TestCase-&gt;runBare()
#6 /home/adrian-skowronski/www/mint/vendor/phpunit/phpunit/src/Framework/TestCase.php(904): PHPUnit\Framework\TestResult-&gt;run()
#7 /home/adrian-skowronski/www/mint/vendor/phpunit/phpunit/src/Framework/TestSuite.php(675): PHPUnit\Framework\TestCase-&gt;run()
#8 /home/adrian-skowronski/www/mint/vendor/phpunit/phpunit/src/Framework/TestSuite.php(675): PHPUnit\Framework\TestSuite-&gt;run()
#9 /home/adrian-skowronski/www/mint/vendor/phpunit/phpunit/src/Framework/TestSuite.php(675): PHPUnit\Framework\TestSuite-&gt;run()
#10 /home/adrian-skowronski/www/mint/vendor/phpunit/phpunit/src/Framework/TestSuite.php(675): PHPUnit\Framework\TestSuite-&gt;run()
#11 /home/adrian-skowronski/www/mint/vendor/phpunit/phpunit/src/TextUI/TestRunner.php(653): PHPUnit\Framework\TestSuite-&gt;run()
#12 /home/adrian-skowronski/www/mint/vendor/phpunit/phpunit/src/TextUI/Command.php(144): PHPUnit\TextUI\TestRunner-&gt;run()
#13 /home/adrian-skowronski/www/mint/vendor/phpunit/phpunit/src/TextUI/Command.php(97): PHPUnit\TextUI\Command-&gt;run()
#14 /home/adrian-skowronski/www/mint/vendor/phpunit/phpunit/phpunit(98): PHPUnit\TextUI\Command::main()
#15 {main}</stack-trace>
      </failure>
    </test-case>
    <test-case start="1729890421268" stop="1729890421304" status="failed">
      <name>testExecuteFailureDetails with data set "STDERR"</name>
      <failure>
        <message>Failed asserting that two strings are equal.
--- Expected
+++ Actual
@@ @@
-'27182'
+'Cannot load Xdebug - it was already loaded\n
+Xdebug: [Step Debug] Could not connect to debugging client. Tried: 127.0.0.1:9003 (through xdebug.client_host/xdebug.client_port).\n
+27182'
</message>
        <stack-trace>#0 /home/adrian-skowronski/www/mint/vendor/phpunit/phpunit/src/Framework/Assert.php(2350): PHPUnit\Framework\Constraint\IsEqual-&gt;evaluate()
#1 /home/adrian-skowronski/www/mint/vendor/phpunit/phpunit/src/Framework/Assert.php(324): PHPUnit\Framework\Assert::assertThat()
#2 /home/adrian-skowronski/www/mint/vendor/magento/framework/Test/Unit/ShellTest.php(165): PHPUnit\Framework\Assert::assertEquals()
#3 /home/adrian-skowronski/www/mint/vendor/phpunit/phpunit/src/Framework/TestCase.php(1548): Magento\Framework\Test\Unit\ShellTest-&gt;testExecuteFailureDetails()
#4 /home/adrian-skowronski/www/mint/vendor/phpunit/phpunit/src/Framework/TestCase.php(1154): PHPUnit\Framework\TestCase-&gt;runTest()
#5 /home/adrian-skowronski/www/mint/vendor/phpunit/phpunit/src/Framework/TestResult.php(728): PHPUnit\Framework\TestCase-&gt;runBare()
#6 /home/adrian-skowronski/www/mint/vendor/phpunit/phpunit/src/Framework/TestCase.php(904): PHPUnit\Framework\TestResult-&gt;run()
#7 /home/adrian-skowronski/www/mint/vendor/phpunit/phpunit/src/Framework/TestSuite.php(675): PHPUnit\Framework\TestCase-&gt;run()
#8 /home/adrian-skowronski/www/mint/vendor/phpunit/phpunit/src/Framework/TestSuite.php(675): PHPUnit\Framework\TestSuite-&gt;run()
#9 /home/adrian-skowronski/www/mint/vendor/phpunit/phpunit/src/Framework/TestSuite.php(675): PHPUnit\Framework\TestSuite-&gt;run()
#10 /home/adrian-skowronski/www/mint/vendor/phpunit/phpunit/src/Framework/TestSuite.php(675): PHPUnit\Framework\TestSuite-&gt;run()
#11 /home/adrian-skowronski/www/mint/vendor/phpunit/phpunit/src/TextUI/TestRunner.php(653): PHPUnit\Framework\TestSuite-&gt;run()
#12 /home/adrian-skowronski/www/mint/vendor/phpunit/phpunit/src/TextUI/Command.php(144): PHPUnit\TextUI\TestRunner-&gt;run()
#13 /home/adrian-skowronski/www/mint/vendor/phpunit/phpunit/src/TextUI/Command.php(97): PHPUnit\TextUI\Command-&gt;run()
#14 /home/adrian-skowronski/www/mint/vendor/phpunit/phpunit/phpunit(98): PHPUnit\TextUI\Command::main()
#15 {main}</stack-trace>
      </failure>
    </test-case>
    <test-case start="1729890421305" stop="1729890421343" status="failed">
      <name>testExecuteFailureDetails with data set "piping STDERR -&gt; STDOUT"</name>
      <failure>
        <message>Failed asserting that two strings are equal.
--- Expected
+++ Actual
@@ @@
-'27183'
+'Cannot load Xdebug - it was already loaded\n
+Xdebug: [Step Debug] Could not connect to debugging client. Tried: 127.0.0.1:9003 (through xdebug.client_host/xdebug.client_port).\n
+Cannot load Xdebug - it was already loaded'
</message>
        <stack-trace>#0 /home/adrian-skowronski/www/mint/vendor/phpunit/phpunit/src/Framework/Assert.php(2350): PHPUnit\Framework\Constraint\IsEqual-&gt;evaluate()
#1 /home/adrian-skowronski/www/mint/vendor/phpunit/phpunit/src/Framework/Assert.php(324): PHPUnit\Framework\Assert::assertThat()
#2 /home/adrian-skowronski/www/mint/vendor/magento/framework/Test/Unit/ShellTest.php(165): PHPUnit\Framework\Assert::assertEquals()
#3 /home/adrian-skowronski/www/mint/vendor/phpunit/phpunit/src/Framework/TestCase.php(1548): Magento\Framework\Test\Unit\ShellTest-&gt;testExecuteFailureDetails()
#4 /home/adrian-skowronski/www/mint/vendor/phpunit/phpunit/src/Framework/TestCase.php(1154): PHPUnit\Framework\TestCase-&gt;runTest()
#5 /home/adrian-skowronski/www/mint/vendor/phpunit/phpunit/src/Framework/TestResult.php(728): PHPUnit\Framework\TestCase-&gt;runBare()
#6 /home/adrian-skowronski/www/mint/vendor/phpunit/phpunit/src/Framework/TestCase.php(904): PHPUnit\Framework\TestResult-&gt;run()
#7 /home/adrian-skowronski/www/mint/vendor/phpunit/phpunit/src/Framework/TestSuite.php(675): PHPUnit\Framework\TestCase-&gt;run()
#8 /home/adrian-skowronski/www/mint/vendor/phpunit/phpunit/src/Framework/TestSuite.php(675): PHPUnit\Framework\TestSuite-&gt;run()
#9 /home/adrian-skowronski/www/mint/vendor/phpunit/phpunit/src/Framework/TestSuite.php(675): PHPUnit\Framework\TestSuite-&gt;run()
#10 /home/adrian-skowronski/www/mint/vendor/phpunit/phpunit/src/Framework/TestSuite.php(675): PHPUnit\Framework\TestSuite-&gt;run()
#11 /home/adrian-skowronski/www/mint/vendor/phpunit/phpunit/src/TextUI/TestRunner.php(653): PHPUnit\Framework\TestSuite-&gt;run()
#12 /home/adrian-skowronski/www/mint/vendor/phpunit/phpunit/src/TextUI/Command.php(144): PHPUnit\TextUI\TestRunner-&gt;run()
#13 /home/adrian-skowronski/www/mint/vendor/phpunit/phpunit/src/TextUI/Command.php(97): PHPUnit\TextUI\Command-&gt;run()
#14 /home/adrian-skowronski/www/mint/vendor/phpunit/phpunit/phpunit(98): PHPUnit\TextUI\Command::main()
#15 {main}</stack-trace>
      </failure>
    </test-case>
    <test-case start="1729890421344" stop="1729890421384" status="failed">
      <name>testExecuteFailureDetails with data set "piping STDERR -&gt; STDERR"</name>
      <failure>
        <message>Failed asserting that two strings are equal.
--- Expected
+++ Actual
@@ @@
-'27184'
+'Cannot load Xdebug - it was already loaded\n
+Xdebug: [Step Debug] Could not connect to debugging client. Tried: 127.0.0.1:9003 (through xdebug.client_host/xdebug.client_port).\n
+Cannot load Xdebug - it was already loaded'
</message>
        <stack-trace>#0 /home/adrian-skowronski/www/mint/vendor/phpunit/phpunit/src/Framework/Assert.php(2350): PHPUnit\Framework\Constraint\IsEqual-&gt;evaluate()
#1 /home/adrian-skowronski/www/mint/vendor/phpunit/phpunit/src/Framework/Assert.php(324): PHPUnit\Framework\Assert::assertThat()
#2 /home/adrian-skowronski/www/mint/vendor/magento/framework/Test/Unit/ShellTest.php(165): PHPUnit\Framework\Assert::assertEquals()
#3 /home/adrian-skowronski/www/mint/vendor/phpunit/phpunit/src/Framework/TestCase.php(1548): Magento\Framework\Test\Unit\ShellTest-&gt;testExecuteFailureDetails()
#4 /home/adrian-skowronski/www/mint/vendor/phpunit/phpunit/src/Framework/TestCase.php(1154): PHPUnit\Framework\TestCase-&gt;runTest()
#5 /home/adrian-skowronski/www/mint/vendor/phpunit/phpunit/src/Framework/TestResult.php(728): PHPUnit\Framework\TestCase-&gt;runBare()
#6 /home/adrian-skowronski/www/mint/vendor/phpunit/phpunit/src/Framework/TestCase.php(904): PHPUnit\Framework\TestResult-&gt;run()
#7 /home/adrian-skowronski/www/mint/vendor/phpunit/phpunit/src/Framework/TestSuite.php(675): PHPUnit\Framework\TestCase-&gt;run()
#8 /home/adrian-skowronski/www/mint/vendor/phpunit/phpunit/src/Framework/TestSuite.php(675): PHPUnit\Framework\TestSuite-&gt;run()
#9 /home/adrian-skowronski/www/mint/vendor/phpunit/phpunit/src/Framework/TestSuite.php(675): PHPUnit\Framework\TestSuite-&gt;run()
#10 /home/adrian-skowronski/www/mint/vendor/phpunit/phpunit/src/Framework/TestSuite.php(675): PHPUnit\Framework\TestSuite-&gt;run()
#11 /home/adrian-skowronski/www/mint/vendor/phpunit/phpunit/src/TextUI/TestRunner.php(653): PHPUnit\Framework\TestSuite-&gt;run()
#12 /home/adrian-skowronski/www/mint/vendor/phpunit/phpunit/src/TextUI/Command.php(144): PHPUnit\TextUI\TestRunner-&gt;run()
#13 /home/adrian-skowronski/www/mint/vendor/phpunit/phpunit/src/TextUI/Command.php(97): PHPUnit\TextUI\Command-&gt;run()
#14 /home/adrian-skowronski/www/mint/vendor/phpunit/phpunit/phpunit(98): PHPUnit\TextUI\Command::main()
#15 {main}</stack-trace>
      </failure>
    </test-case>
  </test-cases>
</alr:test-suite>
