<?xml version="1.0" encoding="UTF-8"?>
<alr:test-suite xmlns:alr="urn:model.allure.qatools.yandex.ru" start="1729890420775" stop="1729890420812" version="1.4.0">
  <name>Magento\Framework\Test\Unit\ProfilerTest</name>
  <test-cases>
    <test-case start="1729890420775" stop="1729890420776" status="passed">
      <name>testEnable</name>
    </test-case>
    <test-case start="1729890420776" stop="1729890420777" status="passed">
      <name>testDisable</name>
    </test-case>
    <test-case start="1729890420777" stop="1729890420778" status="canceled">
      <name>testSetDefaultTags</name>
      <failure>
        <message>Skipped in #27500 due to testing protected/private methods and properties</message>
        <stack-trace>#0 /home/adrian-skowronski/www/mint/vendor/magento/framework/Test/Unit/ProfilerTest.php(49): PHPUnit\Framework\Assert::markTestSkipped()
#1 /home/adrian-skowronski/www/mint/vendor/phpunit/phpunit/src/Framework/TestCase.php(1548): Magento\Framework\Test\Unit\ProfilerTest-&gt;testSetDefaultTags()
#2 /home/adrian-skowronski/www/mint/vendor/phpunit/phpunit/src/Framework/TestCase.php(1154): PHPUnit\Framework\TestCase-&gt;runTest()
#3 /home/adrian-skowronski/www/mint/vendor/phpunit/phpunit/src/Framework/TestResult.php(728): PHPUnit\Framework\TestCase-&gt;runBare()
#4 /home/adrian-skowronski/www/mint/vendor/phpunit/phpunit/src/Framework/TestCase.php(904): PHPUnit\Framework\TestResult-&gt;run()
#5 /home/adrian-skowronski/www/mint/vendor/phpunit/phpunit/src/Framework/TestSuite.php(675): PHPUnit\Framework\TestCase-&gt;run()
#6 /home/adrian-skowronski/www/mint/vendor/phpunit/phpunit/src/Framework/TestSuite.php(675): PHPUnit\Framework\TestSuite-&gt;run()
#7 /home/adrian-skowronski/www/mint/vendor/phpunit/phpunit/src/Framework/TestSuite.php(675): PHPUnit\Framework\TestSuite-&gt;run()
#8 /home/adrian-skowronski/www/mint/vendor/phpunit/phpunit/src/TextUI/TestRunner.php(653): PHPUnit\Framework\TestSuite-&gt;run()
#9 /home/adrian-skowronski/www/mint/vendor/phpunit/phpunit/src/TextUI/Command.php(144): PHPUnit\TextUI\TestRunner-&gt;run()
#10 /home/adrian-skowronski/www/mint/vendor/phpunit/phpunit/src/TextUI/Command.php(97): PHPUnit\TextUI\Command-&gt;run()
#11 /home/adrian-skowronski/www/mint/vendor/phpunit/phpunit/phpunit(98): PHPUnit\TextUI\Command::main()
#12 {main}</stack-trace>
      </failure>
    </test-case>
    <test-case start="1729890420778" stop="1729890420779" status="canceled">
      <name>testAddTagFilter</name>
      <failure>
        <message>Skipped in #27500 due to testing protected/private methods and properties</message>
        <stack-trace>#0 /home/adrian-skowronski/www/mint/vendor/magento/framework/Test/Unit/ProfilerTest.php(61): PHPUnit\Framework\Assert::markTestSkipped()
#1 /home/adrian-skowronski/www/mint/vendor/phpunit/phpunit/src/Framework/TestCase.php(1548): Magento\Framework\Test\Unit\ProfilerTest-&gt;testAddTagFilter()
#2 /home/adrian-skowronski/www/mint/vendor/phpunit/phpunit/src/Framework/TestCase.php(1154): PHPUnit\Framework\TestCase-&gt;runTest()
#3 /home/adrian-skowronski/www/mint/vendor/phpunit/phpunit/src/Framework/TestResult.php(728): PHPUnit\Framework\TestCase-&gt;runBare()
#4 /home/adrian-skowronski/www/mint/vendor/phpunit/phpunit/src/Framework/TestCase.php(904): PHPUnit\Framework\TestResult-&gt;run()
#5 /home/adrian-skowronski/www/mint/vendor/phpunit/phpunit/src/Framework/TestSuite.php(675): PHPUnit\Framework\TestCase-&gt;run()
#6 /home/adrian-skowronski/www/mint/vendor/phpunit/phpunit/src/Framework/TestSuite.php(675): PHPUnit\Framework\TestSuite-&gt;run()
#7 /home/adrian-skowronski/www/mint/vendor/phpunit/phpunit/src/Framework/TestSuite.php(675): PHPUnit\Framework\TestSuite-&gt;run()
#8 /home/adrian-skowronski/www/mint/vendor/phpunit/phpunit/src/TextUI/TestRunner.php(653): PHPUnit\Framework\TestSuite-&gt;run()
#9 /home/adrian-skowronski/www/mint/vendor/phpunit/phpunit/src/TextUI/Command.php(144): PHPUnit\TextUI\TestRunner-&gt;run()
#10 /home/adrian-skowronski/www/mint/vendor/phpunit/phpunit/src/TextUI/Command.php(97): PHPUnit\TextUI\Command-&gt;run()
#11 /home/adrian-skowronski/www/mint/vendor/phpunit/phpunit/phpunit(98): PHPUnit\TextUI\Command::main()
#12 {main}</stack-trace>
      </failure>
    </test-case>
    <test-case start="1729890420779" stop="1729890420780" status="canceled">
      <name>testAdd</name>
      <failure>
        <message>Skipped in #27500 due to testing protected/private methods and properties</message>
        <stack-trace>#0 /home/adrian-skowronski/www/mint/vendor/magento/framework/Test/Unit/ProfilerTest.php(77): PHPUnit\Framework\Assert::markTestSkipped()
#1 /home/adrian-skowronski/www/mint/vendor/phpunit/phpunit/src/Framework/TestCase.php(1548): Magento\Framework\Test\Unit\ProfilerTest-&gt;testAdd()
#2 /home/adrian-skowronski/www/mint/vendor/phpunit/phpunit/src/Framework/TestCase.php(1154): PHPUnit\Framework\TestCase-&gt;runTest()
#3 /home/adrian-skowronski/www/mint/vendor/phpunit/phpunit/src/Framework/TestResult.php(728): PHPUnit\Framework\TestCase-&gt;runBare()
#4 /home/adrian-skowronski/www/mint/vendor/phpunit/phpunit/src/Framework/TestCase.php(904): PHPUnit\Framework\TestResult-&gt;run()
#5 /home/adrian-skowronski/www/mint/vendor/phpunit/phpunit/src/Framework/TestSuite.php(675): PHPUnit\Framework\TestCase-&gt;run()
#6 /home/adrian-skowronski/www/mint/vendor/phpunit/phpunit/src/Framework/TestSuite.php(675): PHPUnit\Framework\TestSuite-&gt;run()
#7 /home/adrian-skowronski/www/mint/vendor/phpunit/phpunit/src/Framework/TestSuite.php(675): PHPUnit\Framework\TestSuite-&gt;run()
#8 /home/adrian-skowronski/www/mint/vendor/phpunit/phpunit/src/TextUI/TestRunner.php(653): PHPUnit\Framework\TestSuite-&gt;run()
#9 /home/adrian-skowronski/www/mint/vendor/phpunit/phpunit/src/TextUI/Command.php(144): PHPUnit\TextUI\TestRunner-&gt;run()
#10 /home/adrian-skowronski/www/mint/vendor/phpunit/phpunit/src/TextUI/Command.php(97): PHPUnit\TextUI\Command-&gt;run()
#11 /home/adrian-skowronski/www/mint/vendor/phpunit/phpunit/phpunit(98): PHPUnit\TextUI\Command::main()
#12 {main}</stack-trace>
      </failure>
    </test-case>
    <test-case start="1729890420780" stop="1729890420781" status="passed">
      <name>testStartException</name>
    </test-case>
    <test-case start="1729890420781" stop="1729890420783" status="passed">
      <name>testDisabledProfiler</name>
    </test-case>
    <test-case start="1729890420783" stop="1729890420784" status="passed">
      <name>testStartStopSimple</name>
    </test-case>
    <test-case start="1729890420785" stop="1729890420786" status="passed">
      <name>testStartNested</name>
    </test-case>
    <test-case start="1729890420786" stop="1729890420787" status="passed">
      <name>testStopExceptionUnknown</name>
    </test-case>
    <test-case start="1729890420787" stop="1729890420788" status="passed">
      <name>testStopOrder</name>
    </test-case>
    <test-case start="1729890420788" stop="1729890420789" status="passed">
      <name>testStopSameName</name>
    </test-case>
    <test-case start="1729890420790" stop="1729890420791" status="passed">
      <name>testStopLatest</name>
    </test-case>
    <test-case start="1729890420791" stop="1729890420792" status="passed">
      <name>testTags</name>
    </test-case>
    <test-case start="1729890420792" stop="1729890420793" status="passed">
      <name>testClearTimer</name>
    </test-case>
    <test-case start="1729890420793" stop="1729890420794" status="passed">
      <name>testClearException</name>
    </test-case>
    <test-case start="1729890420794" stop="1729890420795" status="canceled">
      <name>testResetProfiler</name>
      <failure>
        <message>Skipped in #27500 due to testing protected/private methods and properties</message>
        <stack-trace>#0 /home/adrian-skowronski/www/mint/vendor/magento/framework/Test/Unit/ProfilerTest.php(289): PHPUnit\Framework\Assert::markTestSkipped()
#1 /home/adrian-skowronski/www/mint/vendor/phpunit/phpunit/src/Framework/TestCase.php(1548): Magento\Framework\Test\Unit\ProfilerTest-&gt;testResetProfiler()
#2 /home/adrian-skowronski/www/mint/vendor/phpunit/phpunit/src/Framework/TestCase.php(1154): PHPUnit\Framework\TestCase-&gt;runTest()
#3 /home/adrian-skowronski/www/mint/vendor/phpunit/phpunit/src/Framework/TestResult.php(728): PHPUnit\Framework\TestCase-&gt;runBare()
#4 /home/adrian-skowronski/www/mint/vendor/phpunit/phpunit/src/Framework/TestCase.php(904): PHPUnit\Framework\TestResult-&gt;run()
#5 /home/adrian-skowronski/www/mint/vendor/phpunit/phpunit/src/Framework/TestSuite.php(675): PHPUnit\Framework\TestCase-&gt;run()
#6 /home/adrian-skowronski/www/mint/vendor/phpunit/phpunit/src/Framework/TestSuite.php(675): PHPUnit\Framework\TestSuite-&gt;run()
#7 /home/adrian-skowronski/www/mint/vendor/phpunit/phpunit/src/Framework/TestSuite.php(675): PHPUnit\Framework\TestSuite-&gt;run()
#8 /home/adrian-skowronski/www/mint/vendor/phpunit/phpunit/src/TextUI/TestRunner.php(653): PHPUnit\Framework\TestSuite-&gt;run()
#9 /home/adrian-skowronski/www/mint/vendor/phpunit/phpunit/src/TextUI/Command.php(144): PHPUnit\TextUI\TestRunner-&gt;run()
#10 /home/adrian-skowronski/www/mint/vendor/phpunit/phpunit/src/TextUI/Command.php(97): PHPUnit\TextUI\Command-&gt;run()
#11 /home/adrian-skowronski/www/mint/vendor/phpunit/phpunit/phpunit(98): PHPUnit\TextUI\Command::main()
#12 {main}</stack-trace>
      </failure>
    </test-case>
    <test-case start="1729890420796" stop="1729890420796" status="passed">
      <name>testTagFilterSkip with data set "no tags"</name>
    </test-case>
    <test-case start="1729890420797" stop="1729890420798" status="passed">
      <name>testTagFilterSkip with data set "no expected tags"</name>
    </test-case>
    <test-case start="1729890420798" stop="1729890420799" status="passed">
      <name>testTagFilterSkip with data set "no expected tag value"</name>
    </test-case>
    <test-case start="1729890420800" stop="1729890420801" status="passed">
      <name>testTagFilterPass with data set "one expected tag"</name>
    </test-case>
    <test-case start="1729890420801" stop="1729890420802" status="passed">
      <name>testTagFilterPass with data set "more than one tag with expected"</name>
    </test-case>
    <test-case start="1729890420802" stop="1729890420803" status="canceled">
      <name>testApplyConfig</name>
      <failure>
        <message>Skipped in #27500 due to testing protected/private methods and properties</message>
        <stack-trace>#0 /home/adrian-skowronski/www/mint/vendor/magento/framework/Test/Unit/ProfilerTest.php(368): PHPUnit\Framework\Assert::markTestSkipped()
#1 /home/adrian-skowronski/www/mint/vendor/phpunit/phpunit/src/Framework/TestCase.php(1548): Magento\Framework\Test\Unit\ProfilerTest-&gt;testApplyConfig()
#2 /home/adrian-skowronski/www/mint/vendor/phpunit/phpunit/src/Framework/TestCase.php(1154): PHPUnit\Framework\TestCase-&gt;runTest()
#3 /home/adrian-skowronski/www/mint/vendor/phpunit/phpunit/src/Framework/TestResult.php(728): PHPUnit\Framework\TestCase-&gt;runBare()
#4 /home/adrian-skowronski/www/mint/vendor/phpunit/phpunit/src/Framework/TestCase.php(904): PHPUnit\Framework\TestResult-&gt;run()
#5 /home/adrian-skowronski/www/mint/vendor/phpunit/phpunit/src/Framework/TestSuite.php(675): PHPUnit\Framework\TestCase-&gt;run()
#6 /home/adrian-skowronski/www/mint/vendor/phpunit/phpunit/src/Framework/TestSuite.php(675): PHPUnit\Framework\TestSuite-&gt;run()
#7 /home/adrian-skowronski/www/mint/vendor/phpunit/phpunit/src/Framework/TestSuite.php(675): PHPUnit\Framework\TestSuite-&gt;run()
#8 /home/adrian-skowronski/www/mint/vendor/phpunit/phpunit/src/TextUI/TestRunner.php(653): PHPUnit\Framework\TestSuite-&gt;run()
#9 /home/adrian-skowronski/www/mint/vendor/phpunit/phpunit/src/TextUI/Command.php(144): PHPUnit\TextUI\TestRunner-&gt;run()
#10 /home/adrian-skowronski/www/mint/vendor/phpunit/phpunit/src/TextUI/Command.php(97): PHPUnit\TextUI\Command-&gt;run()
#11 /home/adrian-skowronski/www/mint/vendor/phpunit/phpunit/phpunit(98): PHPUnit\TextUI\Command::main()
#12 {main}</stack-trace>
      </failure>
    </test-case>
    <test-case start="1729890420804" stop="1729890420805" status="passed">
      <name>testParseConfig with data set "Empty configuration"</name>
    </test-case>
    <test-case start="1729890420805" stop="1729890420806" status="passed">
      <name>testParseConfig with data set "Full configuration"</name>
    </test-case>
    <test-case start="1729890420807" stop="1729890420808" status="passed">
      <name>testParseConfig with data set "Driver configuration with type in index"</name>
    </test-case>
    <test-case start="1729890420808" stop="1729890420809" status="passed">
      <name>testParseConfig with data set "Driver configuration with type in value"</name>
    </test-case>
    <test-case start="1729890420809" stop="1729890420810" status="passed">
      <name>testParseConfig with data set "Driver ignored configuration"</name>
    </test-case>
    <test-case start="1729890420811" stop="1729890420811" status="passed">
      <name>testParseConfig with data set "Non ajax call"</name>
    </test-case>
  </test-cases>
</alr:test-suite>
