<?xml version="1.0" encoding="UTF-8"?>
<alr:test-suite xmlns:alr="urn:model.allure.qatools.yandex.ru" start="1729890443254" stop="1729890443287" version="1.4.0">
  <name>Magento\Framework\Data\Test\Unit\CollectionTest</name>
  <test-cases>
    <test-case start="1729890443255" stop="1729890443255" status="passed">
      <name>testRemoveAllItems</name>
    </test-case>
    <test-case start="1729890443256" stop="1729890443257" status="passed">
      <name>testLoadWithFilter</name>
    </test-case>
    <test-case start="1729890443258" stop="1729890443258" status="canceled">
      <name>testSetItemObjectClass with data set #0</name>
      <failure>
        <message>Skipped in #27500 due to testing protected/private methods and properties</message>
        <stack-trace>#0 /home/adrian-skowronski/www/mint/vendor/magento/framework/Data/Test/Unit/CollectionTest.php(68): PHPUnit\Framework\Assert::markTestSkipped()
#1 /home/adrian-skowronski/www/mint/vendor/phpunit/phpunit/src/Framework/TestCase.php(1548): Magento\Framework\Data\Test\Unit\CollectionTest-&gt;testSetItemObjectClass()
#2 /home/adrian-skowronski/www/mint/vendor/phpunit/phpunit/src/Framework/TestCase.php(1154): PHPUnit\Framework\TestCase-&gt;runTest()
#3 /home/adrian-skowronski/www/mint/vendor/phpunit/phpunit/src/Framework/TestResult.php(728): PHPUnit\Framework\TestCase-&gt;runBare()
#4 /home/adrian-skowronski/www/mint/vendor/phpunit/phpunit/src/Framework/TestCase.php(904): PHPUnit\Framework\TestResult-&gt;run()
#5 /home/adrian-skowronski/www/mint/vendor/phpunit/phpunit/src/Framework/TestSuite.php(675): PHPUnit\Framework\TestCase-&gt;run()
#6 /home/adrian-skowronski/www/mint/vendor/phpunit/phpunit/src/Framework/TestSuite.php(675): PHPUnit\Framework\TestSuite-&gt;run()
#7 /home/adrian-skowronski/www/mint/vendor/phpunit/phpunit/src/Framework/TestSuite.php(675): PHPUnit\Framework\TestSuite-&gt;run()
#8 /home/adrian-skowronski/www/mint/vendor/phpunit/phpunit/src/Framework/TestSuite.php(675): PHPUnit\Framework\TestSuite-&gt;run()
#9 /home/adrian-skowronski/www/mint/vendor/phpunit/phpunit/src/TextUI/TestRunner.php(653): PHPUnit\Framework\TestSuite-&gt;run()
#10 /home/adrian-skowronski/www/mint/vendor/phpunit/phpunit/src/TextUI/Command.php(144): PHPUnit\TextUI\TestRunner-&gt;run()
#11 /home/adrian-skowronski/www/mint/vendor/phpunit/phpunit/src/TextUI/Command.php(97): PHPUnit\TextUI\Command-&gt;run()
#12 /home/adrian-skowronski/www/mint/vendor/phpunit/phpunit/phpunit(98): PHPUnit\TextUI\Command::main()
#13 {main}</stack-trace>
      </failure>
    </test-case>
    <test-case start="1729890443260" stop="1729890443260" status="canceled">
      <name>testSetItemObjectClass with data set #1</name>
      <failure>
        <message>Skipped in #27500 due to testing protected/private methods and properties</message>
        <stack-trace>#0 /home/adrian-skowronski/www/mint/vendor/magento/framework/Data/Test/Unit/CollectionTest.php(68): PHPUnit\Framework\Assert::markTestSkipped()
#1 /home/adrian-skowronski/www/mint/vendor/phpunit/phpunit/src/Framework/TestCase.php(1548): Magento\Framework\Data\Test\Unit\CollectionTest-&gt;testSetItemObjectClass()
#2 /home/adrian-skowronski/www/mint/vendor/phpunit/phpunit/src/Framework/TestCase.php(1154): PHPUnit\Framework\TestCase-&gt;runTest()
#3 /home/adrian-skowronski/www/mint/vendor/phpunit/phpunit/src/Framework/TestResult.php(728): PHPUnit\Framework\TestCase-&gt;runBare()
#4 /home/adrian-skowronski/www/mint/vendor/phpunit/phpunit/src/Framework/TestCase.php(904): PHPUnit\Framework\TestResult-&gt;run()
#5 /home/adrian-skowronski/www/mint/vendor/phpunit/phpunit/src/Framework/TestSuite.php(675): PHPUnit\Framework\TestCase-&gt;run()
#6 /home/adrian-skowronski/www/mint/vendor/phpunit/phpunit/src/Framework/TestSuite.php(675): PHPUnit\Framework\TestSuite-&gt;run()
#7 /home/adrian-skowronski/www/mint/vendor/phpunit/phpunit/src/Framework/TestSuite.php(675): PHPUnit\Framework\TestSuite-&gt;run()
#8 /home/adrian-skowronski/www/mint/vendor/phpunit/phpunit/src/Framework/TestSuite.php(675): PHPUnit\Framework\TestSuite-&gt;run()
#9 /home/adrian-skowronski/www/mint/vendor/phpunit/phpunit/src/TextUI/TestRunner.php(653): PHPUnit\Framework\TestSuite-&gt;run()
#10 /home/adrian-skowronski/www/mint/vendor/phpunit/phpunit/src/TextUI/Command.php(144): PHPUnit\TextUI\TestRunner-&gt;run()
#11 /home/adrian-skowronski/www/mint/vendor/phpunit/phpunit/src/TextUI/Command.php(97): PHPUnit\TextUI\Command-&gt;run()
#12 /home/adrian-skowronski/www/mint/vendor/phpunit/phpunit/phpunit(98): PHPUnit\TextUI\Command::main()
#13 {main}</stack-trace>
      </failure>
    </test-case>
    <test-case start="1729890443261" stop="1729890443262" status="passed">
      <name>testSetItemObjectClassException</name>
    </test-case>
    <test-case start="1729890443262" stop="1729890443263" status="passed">
      <name>testAddFilter</name>
    </test-case>
    <test-case start="1729890443265" stop="1729890443267" status="passed">
      <name>testGetFilters</name>
    </test-case>
    <test-case start="1729890443268" stop="1729890443269" status="passed">
      <name>testGetNonExistingFilters</name>
    </test-case>
    <test-case start="1729890443269" stop="1729890443270" status="passed">
      <name>testFlag</name>
    </test-case>
    <test-case start="1729890443270" stop="1729890443271" status="passed">
      <name>testGetCurPage</name>
    </test-case>
    <test-case start="1729890443271" stop="1729890443274" status="passed">
      <name>testPossibleFlowWithItem</name>
    </test-case>
    <test-case start="1729890443275" stop="1729890443276" status="passed">
      <name>testEachCallsMethodOnEachItemWithNoArgs</name>
    </test-case>
    <test-case start="1729890443276" stop="1729890443278" status="passed">
      <name>testEachCallsMethodOnEachItemWithArgs</name>
    </test-case>
    <test-case start="1729890443278" stop="1729890443280" status="passed">
      <name>testCallsClosureWithEachItemAndNoArgs</name>
    </test-case>
    <test-case start="1729890443280" stop="1729890443282" status="passed">
      <name>testCallsClosureWithEachItemAndArgs</name>
    </test-case>
    <test-case start="1729890443283" stop="1729890443285" status="passed">
      <name>testCallsCallableArrayWithEachItemNoArgs</name>
    </test-case>
    <test-case start="1729890443285" stop="1729890443286" status="passed">
      <name>testCallsCallableArrayWithEachItemAndArgs</name>
    </test-case>
  </test-cases>
</alr:test-suite>
