<?xml version="1.0" encoding="UTF-8"?>
<alr:test-suite xmlns:alr="urn:model.allure.qatools.yandex.ru" start="1729890451726" stop="1729890451731" version="1.4.0">
  <name>Magento\Framework\Math\Test\Unit\DivisionTest</name>
  <test-cases>
    <test-case start="1729890451726" stop="1729890451727" status="passed">
      <name>testGetExactDivision with data set #0</name>
    </test-case>
    <test-case start="1729890451727" stop="1729890451728" status="failed">
      <name>testGetExactDivision with data set #1</name>
      <failure>
        <message>Failed asserting that 1.7000000000000002 matches expected 1.7.</message>
        <stack-trace>#0 /home/adrian-skowronski/www/mint/vendor/phpunit/phpunit/src/Framework/Assert.php(2350): PHPUnit\Framework\Constraint\IsEqual-&gt;evaluate()
#1 /home/adrian-skowronski/www/mint/vendor/phpunit/phpunit/src/Framework/Assert.php(324): PHPUnit\Framework\Assert::assertThat()
#2 /home/adrian-skowronski/www/mint/vendor/magento/framework/Math/Test/Unit/DivisionTest.php(22): PHPUnit\Framework\Assert::assertEquals()
#3 /home/adrian-skowronski/www/mint/vendor/phpunit/phpunit/src/Framework/TestCase.php(1548): Magento\Framework\Math\Test\Unit\DivisionTest-&gt;testGetExactDivision()
#4 /home/adrian-skowronski/www/mint/vendor/phpunit/phpunit/src/Framework/TestCase.php(1154): PHPUnit\Framework\TestCase-&gt;runTest()
#5 /home/adrian-skowronski/www/mint/vendor/phpunit/phpunit/src/Framework/TestResult.php(728): PHPUnit\Framework\TestCase-&gt;runBare()
#6 /home/adrian-skowronski/www/mint/vendor/phpunit/phpunit/src/Framework/TestCase.php(904): PHPUnit\Framework\TestResult-&gt;run()
#7 /home/adrian-skowronski/www/mint/vendor/phpunit/phpunit/src/Framework/TestSuite.php(675): PHPUnit\Framework\TestCase-&gt;run()
#8 /home/adrian-skowronski/www/mint/vendor/phpunit/phpunit/src/Framework/TestSuite.php(675): PHPUnit\Framework\TestSuite-&gt;run()
#9 /home/adrian-skowronski/www/mint/vendor/phpunit/phpunit/src/Framework/TestSuite.php(675): PHPUnit\Framework\TestSuite-&gt;run()
#10 /home/adrian-skowronski/www/mint/vendor/phpunit/phpunit/src/Framework/TestSuite.php(675): PHPUnit\Framework\TestSuite-&gt;run()
#11 /home/adrian-skowronski/www/mint/vendor/phpunit/phpunit/src/TextUI/TestRunner.php(653): PHPUnit\Framework\TestSuite-&gt;run()
#12 /home/adrian-skowronski/www/mint/vendor/phpunit/phpunit/src/TextUI/Command.php(144): PHPUnit\TextUI\TestRunner-&gt;run()
#13 /home/adrian-skowronski/www/mint/vendor/phpunit/phpunit/src/TextUI/Command.php(97): PHPUnit\TextUI\Command-&gt;run()
#14 /home/adrian-skowronski/www/mint/vendor/phpunit/phpunit/phpunit(98): PHPUnit\TextUI\Command::main()
#15 {main}</stack-trace>
      </failure>
    </test-case>
    <test-case start="1729890451728" stop="1729890451729" status="failed">
      <name>testGetExactDivision with data set #2</name>
      <failure>
        <message>Failed asserting that 1.7999999999999998 matches expected 1.8.</message>
        <stack-trace>#0 /home/adrian-skowronski/www/mint/vendor/phpunit/phpunit/src/Framework/Assert.php(2350): PHPUnit\Framework\Constraint\IsEqual-&gt;evaluate()
#1 /home/adrian-skowronski/www/mint/vendor/phpunit/phpunit/src/Framework/Assert.php(324): PHPUnit\Framework\Assert::assertThat()
#2 /home/adrian-skowronski/www/mint/vendor/magento/framework/Math/Test/Unit/DivisionTest.php(22): PHPUnit\Framework\Assert::assertEquals()
#3 /home/adrian-skowronski/www/mint/vendor/phpunit/phpunit/src/Framework/TestCase.php(1548): Magento\Framework\Math\Test\Unit\DivisionTest-&gt;testGetExactDivision()
#4 /home/adrian-skowronski/www/mint/vendor/phpunit/phpunit/src/Framework/TestCase.php(1154): PHPUnit\Framework\TestCase-&gt;runTest()
#5 /home/adrian-skowronski/www/mint/vendor/phpunit/phpunit/src/Framework/TestResult.php(728): PHPUnit\Framework\TestCase-&gt;runBare()
#6 /home/adrian-skowronski/www/mint/vendor/phpunit/phpunit/src/Framework/TestCase.php(904): PHPUnit\Framework\TestResult-&gt;run()
#7 /home/adrian-skowronski/www/mint/vendor/phpunit/phpunit/src/Framework/TestSuite.php(675): PHPUnit\Framework\TestCase-&gt;run()
#8 /home/adrian-skowronski/www/mint/vendor/phpunit/phpunit/src/Framework/TestSuite.php(675): PHPUnit\Framework\TestSuite-&gt;run()
#9 /home/adrian-skowronski/www/mint/vendor/phpunit/phpunit/src/Framework/TestSuite.php(675): PHPUnit\Framework\TestSuite-&gt;run()
#10 /home/adrian-skowronski/www/mint/vendor/phpunit/phpunit/src/Framework/TestSuite.php(675): PHPUnit\Framework\TestSuite-&gt;run()
#11 /home/adrian-skowronski/www/mint/vendor/phpunit/phpunit/src/TextUI/TestRunner.php(653): PHPUnit\Framework\TestSuite-&gt;run()
#12 /home/adrian-skowronski/www/mint/vendor/phpunit/phpunit/src/TextUI/Command.php(144): PHPUnit\TextUI\TestRunner-&gt;run()
#13 /home/adrian-skowronski/www/mint/vendor/phpunit/phpunit/src/TextUI/Command.php(97): PHPUnit\TextUI\Command-&gt;run()
#14 /home/adrian-skowronski/www/mint/vendor/phpunit/phpunit/phpunit(98): PHPUnit\TextUI\Command::main()
#15 {main}</stack-trace>
      </failure>
    </test-case>
    <test-case start="1729890451729" stop="1729890451730" status="failed">
      <name>testGetExactDivision with data set #3</name>
      <failure>
        <message>Failed asserting that 1.4999999999999996 matches expected 1.5.</message>
        <stack-trace>#0 /home/adrian-skowronski/www/mint/vendor/phpunit/phpunit/src/Framework/Assert.php(2350): PHPUnit\Framework\Constraint\IsEqual-&gt;evaluate()
#1 /home/adrian-skowronski/www/mint/vendor/phpunit/phpunit/src/Framework/Assert.php(324): PHPUnit\Framework\Assert::assertThat()
#2 /home/adrian-skowronski/www/mint/vendor/magento/framework/Math/Test/Unit/DivisionTest.php(22): PHPUnit\Framework\Assert::assertEquals()
#3 /home/adrian-skowronski/www/mint/vendor/phpunit/phpunit/src/Framework/TestCase.php(1548): Magento\Framework\Math\Test\Unit\DivisionTest-&gt;testGetExactDivision()
#4 /home/adrian-skowronski/www/mint/vendor/phpunit/phpunit/src/Framework/TestCase.php(1154): PHPUnit\Framework\TestCase-&gt;runTest()
#5 /home/adrian-skowronski/www/mint/vendor/phpunit/phpunit/src/Framework/TestResult.php(728): PHPUnit\Framework\TestCase-&gt;runBare()
#6 /home/adrian-skowronski/www/mint/vendor/phpunit/phpunit/src/Framework/TestCase.php(904): PHPUnit\Framework\TestResult-&gt;run()
#7 /home/adrian-skowronski/www/mint/vendor/phpunit/phpunit/src/Framework/TestSuite.php(675): PHPUnit\Framework\TestCase-&gt;run()
#8 /home/adrian-skowronski/www/mint/vendor/phpunit/phpunit/src/Framework/TestSuite.php(675): PHPUnit\Framework\TestSuite-&gt;run()
#9 /home/adrian-skowronski/www/mint/vendor/phpunit/phpunit/src/Framework/TestSuite.php(675): PHPUnit\Framework\TestSuite-&gt;run()
#10 /home/adrian-skowronski/www/mint/vendor/phpunit/phpunit/src/Framework/TestSuite.php(675): PHPUnit\Framework\TestSuite-&gt;run()
#11 /home/adrian-skowronski/www/mint/vendor/phpunit/phpunit/src/TextUI/TestRunner.php(653): PHPUnit\Framework\TestSuite-&gt;run()
#12 /home/adrian-skowronski/www/mint/vendor/phpunit/phpunit/src/TextUI/Command.php(144): PHPUnit\TextUI\TestRunner-&gt;run()
#13 /home/adrian-skowronski/www/mint/vendor/phpunit/phpunit/src/TextUI/Command.php(97): PHPUnit\TextUI\Command-&gt;run()
#14 /home/adrian-skowronski/www/mint/vendor/phpunit/phpunit/phpunit(98): PHPUnit\TextUI\Command::main()
#15 {main}</stack-trace>
      </failure>
    </test-case>
    <test-case start="1729890451731" stop="1729890451731" status="passed">
      <name>testGetExactDivision with data set #4</name>
    </test-case>
  </test-cases>
</alr:test-suite>
