<?xml version="1.0" encoding="UTF-8"?>
<alr:test-suite xmlns:alr="urn:model.allure.qatools.yandex.ru" start="1729890329818" stop="1729890329822" version="1.4.0">
  <name>Magento\GiftMessage\Test\Unit\Model\Plugin\OrderSaveTest</name>
  <test-cases>
    <test-case start="1729890329818" stop="1729890329819" status="broken">
      <name>testAfterSaveGiftMessages</name>
      <failure>
        <message>Trying to configure method "getGiftMessage" with addMethods(), but it exists in class "Magento\Sales\Api\Data\OrderExtension". Use onlyMethods() for methods that exist in the class</message>
        <stack-trace>#0 /home/adrian-skowronski/www/mint/vendor/magento/module-gift-message/Test/Unit/Model/Plugin/OrderSaveTest.php(202): PHPUnit\Framework\MockObject\MockBuilder-&gt;addMethods()
#1 /home/adrian-skowronski/www/mint/vendor/magento/module-gift-message/Test/Unit/Model/Plugin/OrderSaveTest.php(80): Magento\GiftMessage\Test\Unit\Model\Plugin\OrderSaveTest-&gt;getOrderExtensionMock()
#2 /home/adrian-skowronski/www/mint/vendor/phpunit/phpunit/src/Framework/TestCase.php(1147): Magento\GiftMessage\Test\Unit\Model\Plugin\OrderSaveTest-&gt;setUp()
#3 /home/adrian-skowronski/www/mint/vendor/phpunit/phpunit/src/Framework/TestResult.php(728): PHPUnit\Framework\TestCase-&gt;runBare()
#4 /home/adrian-skowronski/www/mint/vendor/phpunit/phpunit/src/Framework/TestCase.php(904): PHPUnit\Framework\TestResult-&gt;run()
#5 /home/adrian-skowronski/www/mint/vendor/phpunit/phpunit/src/Framework/TestSuite.php(675): PHPUnit\Framework\TestCase-&gt;run()
#6 /home/adrian-skowronski/www/mint/vendor/phpunit/phpunit/src/Framework/TestSuite.php(675): PHPUnit\Framework\TestSuite-&gt;run()
#7 /home/adrian-skowronski/www/mint/vendor/phpunit/phpunit/src/Framework/TestSuite.php(675): PHPUnit\Framework\TestSuite-&gt;run()
#8 /home/adrian-skowronski/www/mint/vendor/phpunit/phpunit/src/TextUI/TestRunner.php(653): PHPUnit\Framework\TestSuite-&gt;run()
#9 /home/adrian-skowronski/www/mint/vendor/phpunit/phpunit/src/TextUI/Command.php(144): PHPUnit\TextUI\TestRunner-&gt;run()
#10 /home/adrian-skowronski/www/mint/vendor/phpunit/phpunit/src/TextUI/Command.php(97): PHPUnit\TextUI\Command-&gt;run()
#11 /home/adrian-skowronski/www/mint/vendor/phpunit/phpunit/phpunit(98): PHPUnit\TextUI\Command::main()
#12 {main}</stack-trace>
      </failure>
    </test-case>
    <test-case start="1729890329820" stop="1729890329821" status="broken">
      <name>testAfterSaveIfGiftMessagesNotExist</name>
      <failure>
        <message>Trying to configure method "getGiftMessage" with addMethods(), but it exists in class "Magento\Sales\Api\Data\OrderExtension". Use onlyMethods() for methods that exist in the class</message>
        <stack-trace>#0 /home/adrian-skowronski/www/mint/vendor/magento/module-gift-message/Test/Unit/Model/Plugin/OrderSaveTest.php(202): PHPUnit\Framework\MockObject\MockBuilder-&gt;addMethods()
#1 /home/adrian-skowronski/www/mint/vendor/magento/module-gift-message/Test/Unit/Model/Plugin/OrderSaveTest.php(80): Magento\GiftMessage\Test\Unit\Model\Plugin\OrderSaveTest-&gt;getOrderExtensionMock()
#2 /home/adrian-skowronski/www/mint/vendor/phpunit/phpunit/src/Framework/TestCase.php(1147): Magento\GiftMessage\Test\Unit\Model\Plugin\OrderSaveTest-&gt;setUp()
#3 /home/adrian-skowronski/www/mint/vendor/phpunit/phpunit/src/Framework/TestResult.php(728): PHPUnit\Framework\TestCase-&gt;runBare()
#4 /home/adrian-skowronski/www/mint/vendor/phpunit/phpunit/src/Framework/TestCase.php(904): PHPUnit\Framework\TestResult-&gt;run()
#5 /home/adrian-skowronski/www/mint/vendor/phpunit/phpunit/src/Framework/TestSuite.php(675): PHPUnit\Framework\TestCase-&gt;run()
#6 /home/adrian-skowronski/www/mint/vendor/phpunit/phpunit/src/Framework/TestSuite.php(675): PHPUnit\Framework\TestSuite-&gt;run()
#7 /home/adrian-skowronski/www/mint/vendor/phpunit/phpunit/src/Framework/TestSuite.php(675): PHPUnit\Framework\TestSuite-&gt;run()
#8 /home/adrian-skowronski/www/mint/vendor/phpunit/phpunit/src/TextUI/TestRunner.php(653): PHPUnit\Framework\TestSuite-&gt;run()
#9 /home/adrian-skowronski/www/mint/vendor/phpunit/phpunit/src/TextUI/Command.php(144): PHPUnit\TextUI\TestRunner-&gt;run()
#10 /home/adrian-skowronski/www/mint/vendor/phpunit/phpunit/src/TextUI/Command.php(97): PHPUnit\TextUI\Command-&gt;run()
#11 /home/adrian-skowronski/www/mint/vendor/phpunit/phpunit/phpunit(98): PHPUnit\TextUI\Command::main()
#12 {main}</stack-trace>
      </failure>
    </test-case>
    <test-case start="1729890329821" stop="1729890329822" status="broken">
      <name>testAfterSaveIfItemGiftMessagesNotExist</name>
      <failure>
        <message>Trying to configure method "getGiftMessage" with addMethods(), but it exists in class "Magento\Sales\Api\Data\OrderExtension". Use onlyMethods() for methods that exist in the class</message>
        <stack-trace>#0 /home/adrian-skowronski/www/mint/vendor/magento/module-gift-message/Test/Unit/Model/Plugin/OrderSaveTest.php(202): PHPUnit\Framework\MockObject\MockBuilder-&gt;addMethods()
#1 /home/adrian-skowronski/www/mint/vendor/magento/module-gift-message/Test/Unit/Model/Plugin/OrderSaveTest.php(80): Magento\GiftMessage\Test\Unit\Model\Plugin\OrderSaveTest-&gt;getOrderExtensionMock()
#2 /home/adrian-skowronski/www/mint/vendor/phpunit/phpunit/src/Framework/TestCase.php(1147): Magento\GiftMessage\Test\Unit\Model\Plugin\OrderSaveTest-&gt;setUp()
#3 /home/adrian-skowronski/www/mint/vendor/phpunit/phpunit/src/Framework/TestResult.php(728): PHPUnit\Framework\TestCase-&gt;runBare()
#4 /home/adrian-skowronski/www/mint/vendor/phpunit/phpunit/src/Framework/TestCase.php(904): PHPUnit\Framework\TestResult-&gt;run()
#5 /home/adrian-skowronski/www/mint/vendor/phpunit/phpunit/src/Framework/TestSuite.php(675): PHPUnit\Framework\TestCase-&gt;run()
#6 /home/adrian-skowronski/www/mint/vendor/phpunit/phpunit/src/Framework/TestSuite.php(675): PHPUnit\Framework\TestSuite-&gt;run()
#7 /home/adrian-skowronski/www/mint/vendor/phpunit/phpunit/src/Framework/TestSuite.php(675): PHPUnit\Framework\TestSuite-&gt;run()
#8 /home/adrian-skowronski/www/mint/vendor/phpunit/phpunit/src/TextUI/TestRunner.php(653): PHPUnit\Framework\TestSuite-&gt;run()
#9 /home/adrian-skowronski/www/mint/vendor/phpunit/phpunit/src/TextUI/Command.php(144): PHPUnit\TextUI\TestRunner-&gt;run()
#10 /home/adrian-skowronski/www/mint/vendor/phpunit/phpunit/src/TextUI/Command.php(97): PHPUnit\TextUI\Command-&gt;run()
#11 /home/adrian-skowronski/www/mint/vendor/phpunit/phpunit/phpunit(98): PHPUnit\TextUI\Command::main()
#12 {main}</stack-trace>
      </failure>
    </test-case>
  </test-cases>
</alr:test-suite>
